INFO: [VRFC 10-163] Analyzing VHDL file "/home/organist/Documents/Projet_SI/Architecture Materiel/Projet_SI/Projet_SI.srcs/sources_1/new/ALU.vhd" into library xil_defaultlib
INFO: [VRFC 10-307] analyzing entity ALU
INFO: [VRFC 10-163] Analyzing VHDL file "/home/organist/Documents/Projet_SI/Architecture Materiel/Projet_SI/Projet_SI.srcs/sim_1/new/Simulation_ALU.vhd" into library xil_defaultlib
INFO: [VRFC 10-307] analyzing entity Simulation_ALU
INFO: [VRFC 10-163] Analyzing VHDL file "/home/organist/Documents/Projet_SI/Architecture Materiel/Projet_SI/Projet_SI.srcs/sources_1/new/ALU.vhd" into library xil_defaultlib
INFO: [VRFC 10-307] analyzing entity ALU
INFO: [VRFC 10-163] Analyzing VHDL file "/home/organist/Documents/Projet_SI/Architecture Materiel/Projet_SI/Projet_SI.srcs/sim_1/new/Simulation_ALU.vhd" into library xil_defaultlib
INFO: [VRFC 10-307] analyzing entity Simulation_ALU
INFO: [VRFC 10-163] Analyzing VHDL file "/home/organist/Documents/Projet_SI/Architecture Materiel/Projet_SI/Projet_SI.srcs/sim_1/new/Simulation_ALU.vhd" into library xil_defaultlib
INFO: [VRFC 10-307] analyzing entity Simulation_ALU
INFO: [VRFC 10-163] Analyzing VHDL file "/home/organist/Documents/Projet_SI/Architecture Materiel/Projet_SI/Projet_SI.srcs/sources_1/new/ALU.vhd" into library xil_defaultlib
INFO: [VRFC 10-307] analyzing entity ALU
INFO: [VRFC 10-163] Analyzing VHDL file "/home/organist/Documents/Projet_SI/Architecture Materiel/Projet_SI/Projet_SI.srcs/sources_1/new/ALU.vhd" into library xil_defaultlib
INFO: [VRFC 10-307] analyzing entity ALU
INFO: [VRFC 10-163] Analyzing VHDL file "/home/organist/Documents/Projet_SI/Architecture Materiel/Projet_SI/Projet_SI.srcs/sim_1/new/Simulation_ALU.vhd" into library xil_defaultlib
INFO: [VRFC 10-307] analyzing entity Simulation_ALU
INFO: [VRFC 10-163] Analyzing VHDL file "/home/organist/Documents/Projet_SI/Architecture Materiel/Projet_SI/Projet_SI.srcs/sources_1/new/ALU.vhd" into library xil_defaultlib
INFO: [VRFC 10-307] analyzing entity ALU
INFO: [VRFC 10-163] Analyzing VHDL file "/home/organist/Documents/Projet_SI/Architecture Materiel/Projet_SI/Projet_SI.srcs/sim_1/new/Simulation_ALU.vhd" into library xil_defaultlib
INFO: [VRFC 10-307] analyzing entity Simulation_ALU
INFO: [VRFC 10-163] Analyzing VHDL file "/home/organist/Documents/Projet_SI/Architecture Materiel/Projet_SI/Projet_SI.srcs/sources_1/new/ALU.vhd" into library xil_defaultlib
INFO: [VRFC 10-307] analyzing entity ALU
INFO: [VRFC 10-163] Analyzing VHDL file "/home/organist/Documents/Projet_SI/Architecture Materiel/Projet_SI/Projet_SI.srcs/sim_1/new/Simulation_ALU.vhd" into library xil_defaultlib
INFO: [VRFC 10-307] analyzing entity Simulation_ALU
INFO: [VRFC 10-163] Analyzing VHDL file "/home/organist/Documents/Projet_SI/Architecture Materiel/Projet_SI/Projet_SI.srcs/sim_1/new/Simulation_ALU.vhd" into library xil_defaultlib
INFO: [VRFC 10-307] analyzing entity Simulation_ALU
INFO: [VRFC 10-163] Analyzing VHDL file "/home/organist/Documents/Projet_SI/Architecture Materiel/Projet_SI/Projet_SI.srcs/sim_1/new/Simulation_ALU.vhd" into library xil_defaultlib
INFO: [VRFC 10-307] analyzing entity Simulation_ALU
INFO: [VRFC 10-163] Analyzing VHDL file "/home/organist/Documents/Projet_SI/Architecture Materiel/Projet_SI/Projet_SI.srcs/sim_1/new/Simulation_ALU.vhd" into library xil_defaultlib
INFO: [VRFC 10-307] analyzing entity Simulation_ALU
INFO: [VRFC 10-163] Analyzing VHDL file "/home/organist/Documents/Projet_SI/Architecture Materiel/Projet_SI/Projet_SI.srcs/sim_1/new/Simulation_ALU.vhd" into library xil_defaultlib
INFO: [VRFC 10-307] analyzing entity Simulation_ALU
INFO: [VRFC 10-163] Analyzing VHDL file "/home/organist/Documents/Projet_SI/Architecture Materiel/Projet_SI/Projet_SI.srcs/sim_1/new/Simulation_ALU.vhd" into library xil_defaultlib
INFO: [VRFC 10-307] analyzing entity Simulation_ALU
INFO: [VRFC 10-163] Analyzing VHDL file "/home/organist/Documents/Projet_SI/Architecture Materiel/Projet_SI/Projet_SI.srcs/sources_1/new/ALU.vhd" into library xil_defaultlib
INFO: [VRFC 10-307] analyzing entity ALU
INFO: [VRFC 10-163] Analyzing VHDL file "/home/organist/Documents/Projet_SI/Architecture Materiel/Projet_SI/Projet_SI.srcs/sources_1/new/ALU.vhd" into library xil_defaultlib
INFO: [VRFC 10-307] analyzing entity ALU
INFO: [VRFC 10-163] Analyzing VHDL file "/home/organist/Documents/Projet_SI/Architecture Materiel/Projet_SI/Projet_SI.srcs/sim_1/new/Simulation_ALU.vhd" into library xil_defaultlib
INFO: [VRFC 10-307] analyzing entity Simulation_ALU
INFO: [VRFC 10-163] Analyzing VHDL file "/home/organist/Documents/Projet_SI/Architecture Materiel/Projet_SI/Projet_SI.srcs/sources_1/new/ALU.vhd" into library xil_defaultlib
INFO: [VRFC 10-307] analyzing entity ALU
INFO: [VRFC 10-163] Analyzing VHDL file "/home/organist/Documents/Projet_SI/Architecture Materiel/Projet_SI/Projet_SI.srcs/sim_1/new/Simulation_ALU.vhd" into library xil_defaultlib
INFO: [VRFC 10-307] analyzing entity Simulation_ALU
INFO: [VRFC 10-163] Analyzing VHDL file "/home/organist/Documents/Projet_SI/Architecture Materiel/Projet_SI/Projet_SI.srcs/sources_1/new/ALU.vhd" into library xil_defaultlib
INFO: [VRFC 10-307] analyzing entity ALU
INFO: [VRFC 10-163] Analyzing VHDL file "/home/organist/Documents/Projet_SI/Architecture Materiel/Projet_SI/Projet_SI.srcs/sources_1/new/ALU.vhd" into library xil_defaultlib
INFO: [VRFC 10-307] analyzing entity ALU
INFO: [VRFC 10-163] Analyzing VHDL file "/home/organist/Documents/Projet_SI/Architecture Materiel/Projet_SI/Projet_SI.srcs/sources_1/new/ALU.vhd" into library xil_defaultlib
INFO: [VRFC 10-307] analyzing entity ALU
INFO: [VRFC 10-163] Analyzing VHDL file "/home/organist/Documents/Projet_SI/Architecture Materiel/Projet_SI/Projet_SI.srcs/sim_1/new/Simulation_ALU.vhd" into library xil_defaultlib
INFO: [VRFC 10-307] analyzing entity Simulation_ALU
INFO: [VRFC 10-163] Analyzing VHDL file "/home/organist/Documents/Projet_SI/Architecture Materiel/Projet_SI/Projet_SI.srcs/sources_1/new/ALU.vhd" into library xil_defaultlib
INFO: [VRFC 10-307] analyzing entity ALU
INFO: [VRFC 10-163] Analyzing VHDL file "/home/organist/Documents/Projet_SI/Architecture Materiel/Projet_SI/Projet_SI.srcs/sources_1/new/ALU.vhd" into library xil_defaultlib
INFO: [VRFC 10-307] analyzing entity ALU
INFO: [VRFC 10-163] Analyzing VHDL file "/home/organist/Documents/Projet_SI/Architecture Materiel/Projet_SI/Projet_SI.srcs/sim_1/new/Simulation_ALU.vhd" into library xil_defaultlib
INFO: [VRFC 10-307] analyzing entity Simulation_ALU
INFO: [VRFC 10-163] Analyzing VHDL file "/home/organist/Documents/Projet_SI/Architecture Materiel/Projet_SI/Projet_SI.srcs/sources_1/new/ALU.vhd" into library xil_defaultlib
INFO: [VRFC 10-307] analyzing entity ALU
INFO: [VRFC 10-163] Analyzing VHDL file "/home/organist/Documents/Projet_SI/Architecture Materiel/Projet_SI/Projet_SI.srcs/sim_1/new/Simulation_ALU.vhd" into library xil_defaultlib
INFO: [VRFC 10-307] analyzing entity Simulation_ALU
INFO: [VRFC 10-163] Analyzing VHDL file "/home/organist/Documents/Projet_SI/Architecture Materiel/Projet_SI/Projet_SI.srcs/sources_1/new/ALU.vhd" into library xil_defaultlib
INFO: [VRFC 10-307] analyzing entity ALU
INFO: [VRFC 10-163] Analyzing VHDL file "/home/organist/Documents/Projet_SI/Architecture Materiel/Projet_SI/Projet_SI.srcs/sim_1/new/Simulation_ALU.vhd" into library xil_defaultlib
INFO: [VRFC 10-307] analyzing entity Simulation_ALU
INFO: [VRFC 10-163] Analyzing VHDL file "/home/organist/Documents/Projet_SI/Architecture Materiel/Projet_SI/Projet_SI.srcs/sources_1/new/ALU.vhd" into library xil_defaultlib
INFO: [VRFC 10-307] analyzing entity ALU
INFO: [VRFC 10-163] Analyzing VHDL file "/home/organist/Documents/Projet_SI/Architecture Materiel/Projet_SI/Projet_SI.srcs/sim_1/new/Simulation_ALU.vhd" into library xil_defaultlib
INFO: [VRFC 10-307] analyzing entity Simulation_ALU
INFO: [VRFC 10-163] Analyzing VHDL file "/home/organist/Documents/Projet_SI/Architecture Materiel/Projet_SI/Projet_SI.srcs/sim_1/new/Simulation_ALU.vhd" into library xil_defaultlib
INFO: [VRFC 10-307] analyzing entity Simulation_ALU
INFO: [VRFC 10-163] Analyzing VHDL file "/home/organist/Documents/Projet_SI/Architecture Materiel/Projet_SI/Projet_SI.srcs/sources_1/new/ALU.vhd" into library xil_defaultlib
INFO: [VRFC 10-307] analyzing entity ALU
INFO: [VRFC 10-163] Analyzing VHDL file "/home/organist/Documents/Projet_SI/Architecture Materiel/Projet_SI/Projet_SI.srcs/sources_1/new/ALU.vhd" into library xil_defaultlib
INFO: [VRFC 10-307] analyzing entity ALU
INFO: [VRFC 10-163] Analyzing VHDL file "/home/organist/Documents/Projet_SI/Architecture Materiel/Projet_SI/Projet_SI.srcs/sources_1/new/ALU.vhd" into library xil_defaultlib
INFO: [VRFC 10-307] analyzing entity ALU
INFO: [VRFC 10-163] Analyzing VHDL file "/home/organist/Documents/Projet_SI/Architecture Materiel/Projet_SI/Projet_SI.srcs/sources_1/new/ALU.vhd" into library xil_defaultlib
INFO: [VRFC 10-307] analyzing entity ALU
INFO: [VRFC 10-163] Analyzing VHDL file "/home/organist/Documents/Projet_SI/Architecture Materiel/Projet_SI/Projet_SI.srcs/sources_1/new/ALU.vhd" into library xil_defaultlib
INFO: [VRFC 10-307] analyzing entity ALU
INFO: [VRFC 10-163] Analyzing VHDL file "/home/organist/Documents/Projet_SI/Architecture Materiel/Projet_SI/Projet_SI.srcs/sources_1/new/ALU.vhd" into library xil_defaultlib
INFO: [VRFC 10-307] analyzing entity ALU
INFO: [VRFC 10-163] Analyzing VHDL file "/home/organist/Documents/Projet_SI/Architecture Materiel/Projet_SI/Projet_SI.srcs/sim_1/new/Simulation_ALU.vhd" into library xil_defaultlib
INFO: [VRFC 10-307] analyzing entity Simulation_ALU
INFO: [VRFC 10-163] Analyzing VHDL file "/home/organist/Documents/Projet_SI/Architecture Materiel/Projet_SI/Projet_SI.srcs/sources_1/new/ALU.vhd" into library xil_defaultlib
INFO: [VRFC 10-307] analyzing entity ALU
INFO: [VRFC 10-163] Analyzing VHDL file "/home/organist/Documents/Projet_SI/Architecture Materiel/Projet_SI/Projet_SI.srcs/sources_1/new/ALU.vhd" into library xil_defaultlib
INFO: [VRFC 10-307] analyzing entity ALU
INFO: [VRFC 10-163] Analyzing VHDL file "/home/organist/Documents/Projet_SI/Architecture Materiel/Projet_SI/Projet_SI.srcs/sources_1/new/ALU.vhd" into library xil_defaultlib
INFO: [VRFC 10-307] analyzing entity ALU
INFO: [VRFC 10-163] Analyzing VHDL file "/home/organist/Documents/Projet_SI/Architecture Materiel/Projet_SI/Projet_SI.srcs/sim_1/new/Simulation_ALU.vhd" into library xil_defaultlib
INFO: [VRFC 10-307] analyzing entity Simulation_ALU
INFO: [VRFC 10-163] Analyzing VHDL file "/home/organist/Documents/Projet_SI/Architecture Materiel/Projet_SI/Projet_SI.srcs/sources_1/new/ALU.vhd" into library xil_defaultlib
INFO: [VRFC 10-307] analyzing entity ALU
INFO: [VRFC 10-163] Analyzing VHDL file "/home/organist/Documents/Projet_SI/Architecture Materiel/Projet_SI/Projet_SI.srcs/sources_1/new/ALU.vhd" into library xil_defaultlib
INFO: [VRFC 10-307] analyzing entity ALU
INFO: [VRFC 10-163] Analyzing VHDL file "/home/organist/Documents/Projet_SI/Architecture Materiel/Projet_SI/Projet_SI.srcs/sources_1/new/ALU.vhd" into library xil_defaultlib
INFO: [VRFC 10-307] analyzing entity ALU
INFO: [VRFC 10-163] Analyzing VHDL file "/home/organist/Documents/Projet_SI/Architecture Materiel/Projet_SI/Projet_SI.srcs/sim_1/new/Simulation_ALU.vhd" into library xil_defaultlib
INFO: [VRFC 10-307] analyzing entity Simulation_ALU
INFO: [VRFC 10-163] Analyzing VHDL file "/home/organist/Documents/Projet_SI/Architecture Materiel/Projet_SI/Projet_SI.srcs/sources_1/new/ALU.vhd" into library xil_defaultlib
INFO: [VRFC 10-307] analyzing entity ALU
INFO: [VRFC 10-163] Analyzing VHDL file "/home/organist/Documents/Projet_SI/Architecture Materiel/Projet_SI/Projet_SI.srcs/sim_1/new/Simulation_ALU.vhd" into library xil_defaultlib
INFO: [VRFC 10-307] analyzing entity Simulation_ALU
INFO: [VRFC 10-163] Analyzing VHDL file "/home/organist/Documents/Projet_SI/Architecture Materiel/Projet_SI/Projet_SI.srcs/sources_1/new/ALU.vhd" into library xil_defaultlib
INFO: [VRFC 10-307] analyzing entity ALU
INFO: [VRFC 10-163] Analyzing VHDL file "/home/organist/Documents/Projet_SI/Architecture Materiel/Projet_SI/Projet_SI.srcs/sources_1/new/ALU.vhd" into library xil_defaultlib
INFO: [VRFC 10-307] analyzing entity ALU
INFO: [VRFC 10-163] Analyzing VHDL file "/home/organist/Documents/Projet_SI/Architecture Materiel/Projet_SI/Projet_SI.srcs/sources_1/new/ALU.vhd" into library xil_defaultlib
INFO: [VRFC 10-307] analyzing entity ALU
INFO: [VRFC 10-163] Analyzing VHDL file "/home/organist/Documents/Projet_SI/Architecture Materiel/Projet_SI/Projet_SI.srcs/sim_1/new/Simulation_ALU.vhd" into library xil_defaultlib
INFO: [VRFC 10-307] analyzing entity Simulation_ALU
INFO: [VRFC 10-163] Analyzing VHDL file "/home/organist/Documents/Projet_SI/Architecture Materiel/Projet_SI/Projet_SI.srcs/sources_1/new/ALU.vhd" into library xil_defaultlib
INFO: [VRFC 10-307] analyzing entity ALU
INFO: [VRFC 10-163] Analyzing VHDL file "/home/organist/Documents/Projet_SI/Architecture Materiel/Projet_SI/Projet_SI.srcs/sources_1/new/ALU.vhd" into library xil_defaultlib
INFO: [VRFC 10-307] analyzing entity ALU
INFO: [VRFC 10-163] Analyzing VHDL file "/home/organist/Documents/Projet_SI/Architecture Materiel/Projet_SI/Projet_SI.srcs/sources_1/new/ALU.vhd" into library xil_defaultlib
INFO: [VRFC 10-307] analyzing entity ALU
INFO: [VRFC 10-163] Analyzing VHDL file "/home/organist/Documents/Projet_SI/Architecture Materiel/Projet_SI/Projet_SI.srcs/sources_1/new/ALU.vhd" into library xil_defaultlib
INFO: [VRFC 10-307] analyzing entity ALU
INFO: [VRFC 10-163] Analyzing VHDL file "/home/organist/Documents/Projet_SI/Architecture Materiel/Projet_SI/Projet_SI.srcs/sources_1/new/ALU.vhd" into library xil_defaultlib
INFO: [VRFC 10-307] analyzing entity ALU
INFO: [VRFC 10-163] Analyzing VHDL file "/home/organist/Documents/Projet_SI/Architecture Materiel/Projet_SI/Projet_SI.srcs/sources_1/new/ALU.vhd" into library xil_defaultlib
INFO: [VRFC 10-307] analyzing entity ALU
INFO: [VRFC 10-163] Analyzing VHDL file "/home/organist/Documents/Projet_SI/Architecture Materiel/Projet_SI/Projet_SI.srcs/sim_1/new/Simulation_ALU.vhd" into library xil_defaultlib
INFO: [VRFC 10-307] analyzing entity Simulation_ALU
INFO: [VRFC 10-163] Analyzing VHDL file "/home/organist/Documents/Projet_SI/Architecture Materiel/Projet_SI/Projet_SI.srcs/sources_1/new/ALU.vhd" into library xil_defaultlib
INFO: [VRFC 10-307] analyzing entity ALU
INFO: [VRFC 10-163] Analyzing VHDL file "/home/organist/Documents/Projet_SI/Architecture Materiel/Projet_SI/Projet_SI.srcs/sources_1/new/ALU.vhd" into library xil_defaultlib
INFO: [VRFC 10-307] analyzing entity ALU
INFO: [VRFC 10-163] Analyzing VHDL file "/home/organist/Documents/Projet_SI/Architecture Materiel/Projet_SI/Projet_SI.srcs/sources_1/new/ALU.vhd" into library xil_defaultlib
INFO: [VRFC 10-307] analyzing entity ALU
INFO: [VRFC 10-163] Analyzing VHDL file "/home/organist/Documents/Projet_SI/Architecture Materiel/Projet_SI/Projet_SI.srcs/sources_1/new/ALU.vhd" into library xil_defaultlib
INFO: [VRFC 10-307] analyzing entity ALU
INFO: [VRFC 10-163] Analyzing VHDL file "/home/organist/Documents/Projet_SI/Architecture Materiel/Projet_SI/Projet_SI.srcs/sources_1/new/ALU.vhd" into library xil_defaultlib
INFO: [VRFC 10-307] analyzing entity ALU
INFO: [VRFC 10-163] Analyzing VHDL file "/home/organist/Documents/Projet_SI/Architecture Materiel/Projet_SI/Projet_SI.srcs/sources_1/new/ALU.vhd" into library xil_defaultlib
INFO: [VRFC 10-307] analyzing entity ALU
INFO: [VRFC 10-163] Analyzing VHDL file "/home/organist/Documents/Projet_SI/Architecture Materiel/Projet_SI/Projet_SI.srcs/sources_1/new/ALU.vhd" into library xil_defaultlib
INFO: [VRFC 10-307] analyzing entity ALU
INFO: [VRFC 10-163] Analyzing VHDL file "/home/organist/Documents/Projet_SI/Architecture Materiel/Projet_SI/Projet_SI.srcs/sources_1/new/ALU.vhd" into library xil_defaultlib
INFO: [VRFC 10-307] analyzing entity ALU
INFO: [VRFC 10-163] Analyzing VHDL file "/home/organist/Documents/Projet_SI/Architecture Materiel/Projet_SI/Projet_SI.srcs/sources_1/new/ALU.vhd" into library xil_defaultlib
INFO: [VRFC 10-307] analyzing entity ALU
INFO: [VRFC 10-163] Analyzing VHDL file "/home/organist/Documents/Projet_SI/Architecture Materiel/Projet_SI/Projet_SI.srcs/sources_1/new/ALU.vhd" into library xil_defaultlib
INFO: [VRFC 10-307] analyzing entity ALU
INFO: [VRFC 10-163] Analyzing VHDL file "/home/organist/Documents/Projet_SI/Architecture Materiel/Projet_SI/Projet_SI.srcs/sources_1/new/ALU.vhd" into library xil_defaultlib
INFO: [VRFC 10-307] analyzing entity ALU
INFO: [VRFC 10-163] Analyzing VHDL file "/home/organist/Documents/Projet_SI/Architecture Materiel/Projet_SI/Projet_SI.srcs/sources_1/new/ALU.vhd" into library xil_defaultlib
INFO: [VRFC 10-307] analyzing entity ALU
INFO: [VRFC 10-163] Analyzing VHDL file "/home/organist/Documents/Projet_SI/Architecture Materiel/Projet_SI/Projet_SI.srcs/sources_1/new/ALU.vhd" into library xil_defaultlib
INFO: [VRFC 10-307] analyzing entity ALU
INFO: [VRFC 10-163] Analyzing VHDL file "/home/organist/Documents/Projet_SI/Architecture Materiel/Projet_SI/Projet_SI.srcs/sources_1/new/ALU.vhd" into library xil_defaultlib
INFO: [VRFC 10-307] analyzing entity ALU
INFO: [VRFC 10-163] Analyzing VHDL file "/home/organist/Documents/Projet_SI/Architecture Materiel/Projet_SI/Projet_SI.srcs/sources_1/new/ALU.vhd" into library xil_defaultlib
INFO: [VRFC 10-307] analyzing entity ALU
INFO: [VRFC 10-163] Analyzing VHDL file "/home/organist/Documents/Projet_SI/Architecture Materiel/Projet_SI/Projet_SI.srcs/sources_1/new/ALU.vhd" into library xil_defaultlib
INFO: [VRFC 10-307] analyzing entity ALU
INFO: [VRFC 10-163] Analyzing VHDL file "/home/organist/Documents/Projet_SI/Architecture Materiel/Projet_SI/Projet_SI.srcs/sources_1/new/ALU.vhd" into library xil_defaultlib
INFO: [VRFC 10-307] analyzing entity ALU
INFO: [VRFC 10-163] Analyzing VHDL file "/home/organist/Documents/Projet_SI/Architecture Materiel/Projet_SI/Projet_SI.srcs/sources_1/new/ALU.vhd" into library xil_defaultlib
INFO: [VRFC 10-307] analyzing entity ALU
INFO: [VRFC 10-163] Analyzing VHDL file "/home/organist/Documents/Projet_SI/Architecture Materiel/Projet_SI/Projet_SI.srcs/sources_1/new/ALU.vhd" into library xil_defaultlib
INFO: [VRFC 10-307] analyzing entity ALU
INFO: [VRFC 10-163] Analyzing VHDL file "/home/organist/Documents/Projet_SI/Architecture Materiel/Projet_SI/Projet_SI.srcs/sources_1/new/ALU.vhd" into library xil_defaultlib
INFO: [VRFC 10-307] analyzing entity ALU
INFO: [VRFC 10-163] Analyzing VHDL file "/home/organist/Documents/Projet_SI/Architecture Materiel/Projet_SI/Projet_SI.srcs/sources_1/new/ALU.vhd" into library xil_defaultlib
INFO: [VRFC 10-307] analyzing entity ALU
INFO: [VRFC 10-163] Analyzing VHDL file "/home/organist/Documents/Projet_SI/Architecture Materiel/Projet_SI/Projet_SI.srcs/sources_1/new/ALU.vhd" into library xil_defaultlib
INFO: [VRFC 10-307] analyzing entity ALU
INFO: [VRFC 10-163] Analyzing VHDL file "/home/organist/Documents/Projet_SI/Architecture Materiel/Projet_SI/Projet_SI.srcs/sources_1/new/ALU.vhd" into library xil_defaultlib
INFO: [VRFC 10-307] analyzing entity ALU
INFO: [VRFC 10-163] Analyzing VHDL file "/home/organist/Documents/Projet_SI/Architecture Materiel/Projet_SI/Projet_SI.srcs/sources_1/new/ALU.vhd" into library xil_defaultlib
INFO: [VRFC 10-307] analyzing entity ALU
INFO: [VRFC 10-163] Analyzing VHDL file "/home/organist/Documents/Projet_SI/Architecture Materiel/Projet_SI/Projet_SI.srcs/sources_1/new/ALU.vhd" into library xil_defaultlib
INFO: [VRFC 10-307] analyzing entity ALU
INFO: [VRFC 10-163] Analyzing VHDL file "/home/organist/Documents/Projet_SI/Architecture Materiel/Projet_SI/Projet_SI.srcs/sources_1/new/ALU.vhd" into library xil_defaultlib
INFO: [VRFC 10-307] analyzing entity ALU
INFO: [VRFC 10-163] Analyzing VHDL file "/home/organist/Documents/Projet_SI/Architecture Materiel/Projet_SI/Projet_SI.srcs/sources_1/new/ALU.vhd" into library xil_defaultlib
INFO: [VRFC 10-307] analyzing entity ALU
INFO: [VRFC 10-163] Analyzing VHDL file "/home/organist/Documents/Projet_SI/Architecture Materiel/Projet_SI/Projet_SI.srcs/sources_1/new/ALU.vhd" into library xil_defaultlib
INFO: [VRFC 10-307] analyzing entity ALU
INFO: [VRFC 10-163] Analyzing VHDL file "/home/organist/Documents/Projet_SI/Architecture Materiel/Projet_SI/Projet_SI.srcs/sources_1/new/ALU.vhd" into library xil_defaultlib
INFO: [VRFC 10-307] analyzing entity ALU
INFO: [VRFC 10-163] Analyzing VHDL file "/home/organist/Documents/Projet_SI/Architecture Materiel/Projet_SI/Projet_SI.srcs/sources_1/new/ALU.vhd" into library xil_defaultlib
INFO: [VRFC 10-307] analyzing entity ALU
INFO: [VRFC 10-163] Analyzing VHDL file "/home/organist/Documents/Projet_SI/Architecture Materiel/Projet_SI/Projet_SI.srcs/sources_1/new/ALU.vhd" into library xil_defaultlib
INFO: [VRFC 10-307] analyzing entity ALU
INFO: [VRFC 10-163] Analyzing VHDL file "/home/organist/Documents/Projet_SI/Architecture Materiel/Projet_SI/Projet_SI.srcs/sources_1/new/ALU.vhd" into library xil_defaultlib
INFO: [VRFC 10-307] analyzing entity ALU
INFO: [VRFC 10-163] Analyzing VHDL file "/home/organist/Documents/Projet_SI/Architecture Materiel/Projet_SI/Projet_SI.srcs/sim_1/new/Simulation_ALU.vhd" into library xil_defaultlib
INFO: [VRFC 10-307] analyzing entity Simulation_ALU
INFO: [VRFC 10-163] Analyzing VHDL file "/home/organist/Documents/Projet_SI/Architecture Materiel/Projet_SI/Projet_SI.srcs/sim_1/new/Simulation_ALU.vhd" into library xil_defaultlib
INFO: [VRFC 10-307] analyzing entity Simulation_ALU
INFO: [VRFC 10-163] Analyzing VHDL file "/home/organist/Documents/Projet_SI/Architecture Materiel/Projet_SI/Projet_SI.srcs/sources_1/new/ALU.vhd" into library xil_defaultlib
INFO: [VRFC 10-307] analyzing entity ALU
INFO: [VRFC 10-163] Analyzing VHDL file "/home/organist/Documents/Projet_SI/Architecture Materiel/Projet_SI/Projet_SI.srcs/sim_1/new/Simulation_ALU.vhd" into library xil_defaultlib
INFO: [VRFC 10-307] analyzing entity Simulation_ALU
INFO: [VRFC 10-163] Analyzing VHDL file "/home/organist/Documents/Projet_SI/Architecture Materiel/Projet_SI/Projet_SI.srcs/sources_1/new/ALU.vhd" into library xil_defaultlib
INFO: [VRFC 10-307] analyzing entity ALU
INFO: [VRFC 10-163] Analyzing VHDL file "/home/organist/Documents/Projet_SI/Architecture Materiel/Projet_SI/Projet_SI.srcs/sources_1/new/ALU.vhd" into library xil_defaultlib
INFO: [VRFC 10-307] analyzing entity ALU
INFO: [VRFC 10-163] Analyzing VHDL file "/home/organist/Documents/Projet_SI/Architecture Materiel/Projet_SI/Projet_SI.srcs/sim_1/new/Simulation_ALU.vhd" into library xil_defaultlib
INFO: [VRFC 10-307] analyzing entity Simulation_ALU
INFO: [VRFC 10-163] Analyzing VHDL file "/home/organist/Documents/Projet_SI/Architecture Materiel/Projet_SI/Projet_SI.srcs/sim_1/new/Simulation_ALU.vhd" into library xil_defaultlib
INFO: [VRFC 10-307] analyzing entity Simulation_ALU
INFO: [VRFC 10-163] Analyzing VHDL file "/home/organist/Documents/Projet_SI/Architecture Materiel/Projet_SI/Projet_SI.srcs/sim_1/new/Simulation_ALU.vhd" into library xil_defaultlib
INFO: [VRFC 10-307] analyzing entity Simulation_ALU
INFO: [VRFC 10-163] Analyzing VHDL file "/home/organist/Documents/Projet_SI/Architecture Materiel/Projet_SI/Projet_SI.srcs/sources_1/new/ALU.vhd" into library xil_defaultlib
INFO: [VRFC 10-307] analyzing entity ALU
INFO: [VRFC 10-163] Analyzing VHDL file "/home/organist/Documents/Projet_SI/Architecture Materiel/Projet_SI/Projet_SI.srcs/sources_1/new/ALU.vhd" into library xil_defaultlib
INFO: [VRFC 10-307] analyzing entity ALU
INFO: [VRFC 10-163] Analyzing VHDL file "/home/organist/Documents/Projet_SI/Architecture Materiel/Projet_SI/Projet_SI.srcs/sim_1/new/Simulation_ALU.vhd" into library xil_defaultlib
INFO: [VRFC 10-307] analyzing entity Simulation_ALU
INFO: [VRFC 10-163] Analyzing VHDL file "/home/organist/Documents/Projet_SI/Architecture Materiel/Projet_SI/Projet_SI.srcs/sim_1/new/Simulation_ALU.vhd" into library xil_defaultlib
INFO: [VRFC 10-307] analyzing entity Simulation_ALU
INFO: [VRFC 10-163] Analyzing VHDL file "/home/organist/Documents/Projet_SI/Architecture Materiel/Projet_SI/Projet_SI.srcs/sim_1/new/Simulation_ALU.vhd" into library xil_defaultlib
INFO: [VRFC 10-307] analyzing entity Simulation_ALU
INFO: [VRFC 10-163] Analyzing VHDL file "/home/organist/Documents/Projet_SI/Architecture Materiel/Projet_SI/Projet_SI.srcs/sources_1/new/ALU.vhd" into library xil_defaultlib
INFO: [VRFC 10-307] analyzing entity ALU
INFO: [VRFC 10-163] Analyzing VHDL file "/home/organist/Documents/Projet_SI/Architecture Materiel/Projet_SI/Projet_SI.srcs/sim_1/new/Simulation_ALU.vhd" into library xil_defaultlib
INFO: [VRFC 10-307] analyzing entity Simulation_ALU
INFO: [VRFC 10-163] Analyzing VHDL file "/home/organist/Documents/Projet_SI/Architecture Materiel/Projet_SI/Projet_SI.srcs/sim_1/new/Simulation_ALU.vhd" into library xil_defaultlib
INFO: [VRFC 10-307] analyzing entity Simulation_ALU
INFO: [VRFC 10-163] Analyzing VHDL file "/home/organist/Documents/Projet_SI/Architecture Materiel/Projet_SI/Projet_SI.srcs/sources_1/new/ALU.vhd" into library xil_defaultlib
INFO: [VRFC 10-307] analyzing entity ALU
INFO: [VRFC 10-163] Analyzing VHDL file "/home/organist/Documents/Projet_SI/Architecture Materiel/Projet_SI/Projet_SI.srcs/sim_1/new/Simulation_ALU.vhd" into library xil_defaultlib
INFO: [VRFC 10-307] analyzing entity Simulation_ALU
INFO: [VRFC 10-163] Analyzing VHDL file "/home/organist/Documents/Projet_SI/Architecture Materiel/Projet_SI/Projet_SI.srcs/sources_1/new/ALU.vhd" into library xil_defaultlib
INFO: [VRFC 10-307] analyzing entity ALU
INFO: [VRFC 10-163] Analyzing VHDL file "/home/organist/Documents/Projet_SI/Architecture Materiel/Projet_SI/Projet_SI.srcs/sources_1/new/ALU.vhd" into library xil_defaultlib
INFO: [VRFC 10-307] analyzing entity ALU
INFO: [VRFC 10-163] Analyzing VHDL file "/home/organist/Documents/Projet_SI/Architecture Materiel/Projet_SI/Projet_SI.srcs/sources_1/new/ALU.vhd" into library xil_defaultlib
INFO: [VRFC 10-307] analyzing entity ALU
INFO: [VRFC 10-163] Analyzing VHDL file "/home/organist/Documents/Projet_SI/Architecture Materiel/Projet_SI/Projet_SI.srcs/sources_1/new/ALU.vhd" into library xil_defaultlib
INFO: [VRFC 10-307] analyzing entity ALU
INFO: [VRFC 10-163] Analyzing VHDL file "/home/organist/Documents/Projet_SI/Architecture Materiel/Projet_SI/Projet_SI.srcs/sources_1/new/ALU.vhd" into library xil_defaultlib
INFO: [VRFC 10-307] analyzing entity ALU
INFO: [VRFC 10-163] Analyzing VHDL file "/home/organist/Documents/Projet_SI/Architecture Materiel/Projet_SI/Projet_SI.srcs/sim_1/new/Simulation_ALU.vhd" into library xil_defaultlib
INFO: [VRFC 10-307] analyzing entity Simulation_ALU
INFO: [VRFC 10-163] Analyzing VHDL file "/home/organist/Documents/Projet_SI/Architecture Materiel/Projet_SI/Projet_SI.srcs/sources_1/new/ALU.vhd" into library xil_defaultlib
INFO: [VRFC 10-307] analyzing entity ALU
INFO: [VRFC 10-163] Analyzing VHDL file "/home/organist/Documents/Projet_SI/Architecture Materiel/Projet_SI/Projet_SI.srcs/sim_1/new/Simulation_ALU.vhd" into library xil_defaultlib
INFO: [VRFC 10-307] analyzing entity Simulation_ALU
INFO: [VRFC 10-163] Analyzing VHDL file "/home/organist/Documents/Projet_SI/Architecture Materiel/Projet_SI/Projet_SI.srcs/sources_1/new/ALU.vhd" into library xil_defaultlib
INFO: [VRFC 10-307] analyzing entity ALU
INFO: [VRFC 10-163] Analyzing VHDL file "/home/organist/Documents/Projet_SI/Architecture Materiel/Projet_SI/Projet_SI.srcs/sources_1/new/ALU.vhd" into library xil_defaultlib
INFO: [VRFC 10-307] analyzing entity ALU
INFO: [VRFC 10-163] Analyzing VHDL file "/home/organist/Documents/Projet_SI/Architecture Materiel/Projet_SI/Projet_SI.srcs/sources_1/new/Register.vhd" into library xil_defaultlib
INFO: [VRFC 10-307] analyzing entity Registers
INFO: [VRFC 10-163] Analyzing VHDL file "/home/organist/Documents/Projet_SI/Architecture Materiel/Projet_SI/Projet_SI.srcs/sim_1/new/Registers_Simulation.vhd" into library xil_defaultlib
INFO: [VRFC 10-307] analyzing entity Registers_Simulation
INFO: [VRFC 10-163] Analyzing VHDL file "/home/organist/Documents/Projet_SI/Architecture Materiel/Projet_SI/Projet_SI.srcs/sim_1/new/Registers_Simulation.vhd" into library xil_defaultlib
INFO: [VRFC 10-307] analyzing entity Registers_Simulation
INFO: [VRFC 10-163] Analyzing VHDL file "/home/organist/Documents/Projet_SI/Architecture Materiel/Projet_SI/Projet_SI.srcs/sources_1/new/Register.vhd" into library xil_defaultlib
INFO: [VRFC 10-307] analyzing entity Registers
INFO: [VRFC 10-163] Analyzing VHDL file "/home/organist/Documents/Projet_SI/Architecture Materiel/Projet_SI/Projet_SI.srcs/sources_1/new/Register.vhd" into library xil_defaultlib
INFO: [VRFC 10-307] analyzing entity Registers
INFO: [VRFC 10-163] Analyzing VHDL file "/home/organist/Documents/Projet_SI/Architecture Materiel/Projet_SI/Projet_SI.srcs/sources_1/new/Register.vhd" into library xil_defaultlib
INFO: [VRFC 10-307] analyzing entity Registers
INFO: [VRFC 10-163] Analyzing VHDL file "/home/organist/Documents/Projet_SI/Architecture Materiel/Projet_SI/Projet_SI.srcs/sim_1/new/Registers_Simulation.vhd" into library xil_defaultlib
INFO: [VRFC 10-307] analyzing entity Registers_Simulation
INFO: [VRFC 10-163] Analyzing VHDL file "/home/organist/Documents/Projet_SI/Architecture Materiel/Projet_SI/Projet_SI.srcs/sources_1/new/Register.vhd" into library xil_defaultlib
INFO: [VRFC 10-307] analyzing entity Registers
INFO: [VRFC 10-163] Analyzing VHDL file "/home/organist/Documents/Projet_SI/Architecture Materiel/Projet_SI/Projet_SI.srcs/sources_1/new/Register.vhd" into library xil_defaultlib
INFO: [VRFC 10-307] analyzing entity Registers
INFO: [VRFC 10-163] Analyzing VHDL file "/home/organist/Documents/Projet_SI/Architecture Materiel/Projet_SI/Projet_SI.srcs/sim_1/new/Registers_Simulation.vhd" into library xil_defaultlib
INFO: [VRFC 10-307] analyzing entity Registers_Simulation
INFO: [VRFC 10-163] Analyzing VHDL file "/home/organist/Documents/Projet_SI/Architecture Materiel/Projet_SI/Projet_SI.srcs/sim_1/new/Registers_Simulation.vhd" into library xil_defaultlib
INFO: [VRFC 10-307] analyzing entity Registers_Simulation
INFO: [VRFC 10-163] Analyzing VHDL file "/home/organist/Documents/Projet_SI/Architecture Materiel/Projet_SI/Projet_SI.srcs/sources_1/new/Register.vhd" into library xil_defaultlib
INFO: [VRFC 10-307] analyzing entity Registers
INFO: [VRFC 10-163] Analyzing VHDL file "/home/organist/Documents/Projet_SI/Architecture Materiel/Projet_SI/Projet_SI.srcs/sources_1/new/Register.vhd" into library xil_defaultlib
INFO: [VRFC 10-307] analyzing entity Registers
INFO: [VRFC 10-163] Analyzing VHDL file "/home/organist/Documents/Projet_SI/Architecture Materiel/Projet_SI/Projet_SI.srcs/sim_1/new/Registers_Simulation.vhd" into library xil_defaultlib
INFO: [VRFC 10-307] analyzing entity Registers_Simulation
INFO: [VRFC 10-163] Analyzing VHDL file "/home/organist/Documents/Projet_SI/Architecture Materiel/Projet_SI/Projet_SI.srcs/sources_1/new/RISC_SI.vhd" into library xil_defaultlib
INFO: [VRFC 10-307] analyzing entity Data_Memory
INFO: [VRFC 10-163] Analyzing VHDL file "/home/organist/Documents/Projet_SI/Architecture Materiel/Projet_SI/Projet_SI.srcs/sim_1/new/Registers_Simulation.vhd" into library xil_defaultlib
INFO: [VRFC 10-307] analyzing entity Registers_Simulation
INFO: [VRFC 10-163] Analyzing VHDL file "/home/organist/Documents/Projet_SI/Architecture Materiel/Projet_SI/Projet_SI.srcs/sim_1/new/Data_Memory_Simulation.vhd" into library xil_defaultlib
INFO: [VRFC 10-307] analyzing entity RISC_SI_Simulation
INFO: [VRFC 10-163] Analyzing VHDL file "/home/organist/Documents/Projet_SI/Architecture Materiel/Projet_SI/Projet_SI.srcs/sources_1/new/Data_Memory.vhd" into library xil_defaultlib
INFO: [VRFC 10-307] analyzing entity RISC_SI
INFO: [VRFC 10-163] Analyzing VHDL file "/home/organist/Documents/Projet_SI/Architecture Materiel/Projet_SI/Projet_SI.srcs/sim_1/new/Data_Memory_Simulation.vhd" into library xil_defaultlib
INFO: [VRFC 10-307] analyzing entity RISC_SI_Simulation
INFO: [VRFC 10-163] Analyzing VHDL file "/home/organist/Documents/Projet_SI/Architecture Materiel/Projet_SI/Projet_SI.srcs/sim_1/new/Data_Memory_Simulation.vhd" into library xil_defaultlib
INFO: [VRFC 10-307] analyzing entity RISC_SI_Simulation
INFO: [VRFC 10-163] Analyzing VHDL file "/home/organist/Documents/Projet_SI/Architecture Materiel/Projet_SI/Projet_SI.srcs/sources_1/new/Instructions_Memory.vhd" into library xil_defaultlib
INFO: [VRFC 10-307] analyzing entity Instructions_Memory
INFO: [VRFC 10-163] Analyzing VHDL file "/home/organist/Documents/Projet_SI/Architecture Materiel/Projet_SI/Projet_SI.srcs/sim_1/new/Instructions_Memory_Simulation.vhd" into library xil_defaultlib
INFO: [VRFC 10-307] analyzing entity Instructions_Memory_Simulation
INFO: [VRFC 10-163] Analyzing VHDL file "/home/organist/Documents/Projet_SI/Architecture Materiel/Projet_SI/Projet_SI.srcs/sources_1/new/Instructions_Memory.vhd" into library xil_defaultlib
INFO: [VRFC 10-307] analyzing entity Instructions_Memory
INFO: [VRFC 10-163] Analyzing VHDL file "/home/organist/Documents/Projet_SI/Architecture Materiel/Projet_SI/Projet_SI.srcs/sources_1/new/processor.vhd" into library xil_defaultlib
INFO: [VRFC 10-307] analyzing entity processor
INFO: [VRFC 10-163] Analyzing VHDL file "/home/organist/Documents/Projet_SI/Architecture Materiel/Projet_SI/Projet_SI.srcs/sources_1/new/processor.vhd" into library xil_defaultlib
INFO: [VRFC 10-307] analyzing entity processor
INFO: [VRFC 10-163] Analyzing VHDL file "/home/organist/Documents/Projet_SI/Architecture Materiel/Projet_SI/Projet_SI.srcs/sources_1/new/processor.vhd" into library xil_defaultlib
INFO: [VRFC 10-307] analyzing entity processor
INFO: [VRFC 10-163] Analyzing VHDL file "/home/organist/Documents/Projet_SI/Architecture Materiel/Projet_SI/Projet_SI.srcs/sources_1/new/processor.vhd" into library xil_defaultlib
INFO: [VRFC 10-307] analyzing entity processor
INFO: [VRFC 10-163] Analyzing VHDL file "/home/organist/Documents/Projet_SI/Architecture Materiel/Projet_SI/Projet_SI.srcs/sources_1/new/processor.vhd" into library xil_defaultlib
INFO: [VRFC 10-307] analyzing entity processor
INFO: [VRFC 10-163] Analyzing VHDL file "/home/organist/Documents/Projet_SI/Architecture Materiel/Projet_SI/Projet_SI.srcs/sources_1/new/ALU.vhd" into library xil_defaultlib
INFO: [VRFC 10-307] analyzing entity ALU
INFO: [VRFC 10-163] Analyzing VHDL file "/home/organist/Documents/Projet_SI/Architecture Materiel/Projet_SI/Projet_SI.srcs/sources_1/new/Instructions_Memory.vhd" into library xil_defaultlib
INFO: [VRFC 10-307] analyzing entity Instructions_Memory
INFO: [VRFC 10-163] Analyzing VHDL file "/home/organist/Documents/Projet_SI/Architecture Materiel/Projet_SI/Projet_SI.srcs/sources_1/new/Register.vhd" into library xil_defaultlib
INFO: [VRFC 10-307] analyzing entity Registers
INFO: [VRFC 10-163] Analyzing VHDL file "/home/organist/Documents/Projet_SI/Architecture Materiel/Projet_SI/Projet_SI.srcs/sources_1/new/processor.vhd" into library xil_defaultlib
INFO: [VRFC 10-307] analyzing entity processor
INFO: [VRFC 10-163] Analyzing VHDL file "/home/organist/Documents/Projet_SI/Architecture Materiel/Projet_SI/Projet_SI.srcs/sources_1/new/processor.vhd" into library xil_defaultlib
INFO: [VRFC 10-307] analyzing entity processor
INFO: [VRFC 10-163] Analyzing VHDL file "/home/organist/Documents/Projet_SI/Architecture Materiel/Projet_SI/Projet_SI.srcs/sources_1/new/processor.vhd" into library xil_defaultlib
INFO: [VRFC 10-307] analyzing entity processor
INFO: [VRFC 10-163] Analyzing VHDL file "/home/organist/Documents/Projet_SI/Architecture Materiel/Projet_SI/Projet_SI.srcs/sources_1/new/Instructions_Memory.vhd" into library xil_defaultlib
INFO: [VRFC 10-307] analyzing entity Instructions_Memory
INFO: [VRFC 10-163] Analyzing VHDL file "/home/organist/Documents/Projet_SI/Architecture Materiel/Projet_SI/Projet_SI.srcs/sources_1/new/Instructions_Memory.vhd" into library xil_defaultlib
INFO: [VRFC 10-307] analyzing entity Instructions_Memory
INFO: [VRFC 10-163] Analyzing VHDL file "/home/organist/Documents/Projet_SI/Architecture Materiel/Projet_SI/Projet_SI.srcs/sources_1/new/processor.vhd" into library xil_defaultlib
INFO: [VRFC 10-307] analyzing entity processor
INFO: [VRFC 10-163] Analyzing VHDL file "/home/organist/Documents/Projet_SI/Architecture Materiel/Projet_SI/Projet_SI.srcs/sources_1/new/processor.vhd" into library xil_defaultlib
INFO: [VRFC 10-307] analyzing entity processor
INFO: [VRFC 10-163] Analyzing VHDL file "/home/organist/Documents/Projet_SI/Architecture Materiel/Projet_SI/Projet_SI.srcs/sources_1/new/processor.vhd" into library xil_defaultlib
INFO: [VRFC 10-307] analyzing entity processor
INFO: [VRFC 10-163] Analyzing VHDL file "/home/organist/Documents/Projet_SI/Architecture Materiel/Projet_SI/Projet_SI.srcs/sources_1/new/processor.vhd" into library xil_defaultlib
INFO: [VRFC 10-307] analyzing entity processor
ERROR: [VRFC 10-47] clk is already declared in this region [/home/organist/Documents/Projet_SI/Architecture Materiel/Projet_SI/Projet_SI.srcs/sources_1/new/processor.vhd:139]
ERROR: [VRFC 10-719] formal port/generic <clk> is not declared in <risc_si> [/home/organist/Documents/Projet_SI/Architecture Materiel/Projet_SI/Projet_SI.srcs/sources_1/new/processor.vhd:177]
ERROR: [VRFC 10-2666] formal port risc_si_clk has no actual or default value [/home/organist/Documents/Projet_SI/Architecture Materiel/Projet_SI/Projet_SI.srcs/sources_1/new/processor.vhd:172]
ERROR: [VRFC 10-1504] unit behavioral ignored due to previous errors [/home/organist/Documents/Projet_SI/Architecture Materiel/Projet_SI/Projet_SI.srcs/sources_1/new/processor.vhd:48]
INFO: [VRFC 10-240] VHDL file /home/organist/Documents/Projet_SI/Architecture Materiel/Projet_SI/Projet_SI.srcs/sources_1/new/processor.vhd ignored due to errors
INFO: [VRFC 10-163] Analyzing VHDL file "/home/organist/Documents/Projet_SI/Architecture Materiel/Projet_SI/Projet_SI.srcs/sources_1/new/processor.vhd" into library xil_defaultlib
INFO: [VRFC 10-307] analyzing entity processor
INFO: [VRFC 10-163] Analyzing VHDL file "/home/organist/Documents/Projet_SI/Architecture Materiel/Projet_SI/Projet_SI.srcs/sources_1/new/processor.vhd" into library xil_defaultlib
INFO: [VRFC 10-307] analyzing entity processor
INFO: [VRFC 10-163] Analyzing VHDL file "/home/organist/Documents/Projet_SI/Architecture Materiel/Projet_SI/Projet_SI.srcs/sources_1/new/processor.vhd" into library xil_defaultlib
INFO: [VRFC 10-307] analyzing entity processor
INFO: [VRFC 10-163] Analyzing VHDL file "/home/organist/Documents/Projet_SI/Architecture Materiel/Projet_SI/Projet_SI.srcs/sources_1/new/processor.vhd" into library xil_defaultlib
INFO: [VRFC 10-307] analyzing entity processor
INFO: [VRFC 10-163] Analyzing VHDL file "/home/organist/Documents/Projet_SI/Architecture Materiel/Projet_SI/Projet_SI.srcs/sources_1/new/processor.vhd" into library xil_defaultlib
INFO: [VRFC 10-307] analyzing entity processor
INFO: [VRFC 10-163] Analyzing VHDL file "/home/organist/Documents/Projet_SI/Architecture Materiel/Projet_SI/Projet_SI.srcs/sources_1/new/processor.vhd" into library xil_defaultlib
INFO: [VRFC 10-307] analyzing entity processor
INFO: [VRFC 10-163] Analyzing VHDL file "/home/organist/Documents/Projet_SI/Architecture Materiel/Projet_SI/Projet_SI.srcs/sim_1/new/Processor_Simulation.vhd" into library xil_defaultlib
INFO: [VRFC 10-307] analyzing entity Processor_Simulation
INFO: [VRFC 10-163] Analyzing VHDL file "/home/organist/Documents/Projet_SI/Architecture Materiel/Projet_SI/Projet_SI.srcs/sources_1/new/processor.vhd" into library xil_defaultlib
INFO: [VRFC 10-307] analyzing entity processor
INFO: [VRFC 10-163] Analyzing VHDL file "/home/organist/Documents/Projet_SI/Architecture Materiel/Projet_SI/Projet_SI.srcs/sim_1/new/Processor_Simulation.vhd" into library xil_defaultlib
INFO: [VRFC 10-307] analyzing entity Processor_Simulation
INFO: [VRFC 10-163] Analyzing VHDL file "/home/organist/Documents/Projet_SI/Architecture Materiel/Projet_SI/Projet_SI.srcs/sim_1/new/Processor_Simulation.vhd" into library xil_defaultlib
INFO: [VRFC 10-307] analyzing entity Processor_Simulation
INFO: [VRFC 10-163] Analyzing VHDL file "/home/organist/Documents/Projet_SI/Architecture Materiel/Projet_SI/Projet_SI.srcs/sources_1/new/processor.vhd" into library xil_defaultlib
INFO: [VRFC 10-307] analyzing entity processor
INFO: [VRFC 10-163] Analyzing VHDL file "/home/organist/Documents/Projet_SI/Architecture Materiel/Projet_SI/Projet_SI.srcs/sources_1/new/processor.vhd" into library xil_defaultlib
INFO: [VRFC 10-307] analyzing entity processor
INFO: [VRFC 10-163] Analyzing VHDL file "/home/organist/Documents/Projet_SI/Architecture Materiel/Projet_SI/Projet_SI.srcs/sim_1/new/Processor_Simulation.vhd" into library xil_defaultlib
INFO: [VRFC 10-307] analyzing entity Processor_Simulation
INFO: [VRFC 10-163] Analyzing VHDL file "/home/organist/Documents/Projet_SI/Architecture Materiel/Projet_SI/Projet_SI.srcs/sim_1/new/Processor_Simulation.vhd" into library xil_defaultlib
INFO: [VRFC 10-307] analyzing entity Processor_Simulation
ERROR: [VRFC 10-719] formal port/generic <output> is not declared in <processor> [/home/organist/Documents/Projet_SI/Architecture Materiel/Projet_SI/Projet_SI.srcs/sim_1/new/Processor_Simulation.vhd:82]
ERROR: [VRFC 10-1504] unit behavioral ignored due to previous errors [/home/organist/Documents/Projet_SI/Architecture Materiel/Projet_SI/Projet_SI.srcs/sim_1/new/Processor_Simulation.vhd:38]
INFO: [VRFC 10-240] VHDL file /home/organist/Documents/Projet_SI/Architecture Materiel/Projet_SI/Projet_SI.srcs/sim_1/new/Processor_Simulation.vhd ignored due to errors
INFO: [VRFC 10-163] Analyzing VHDL file "/home/organist/Documents/Projet_SI/Architecture Materiel/Projet_SI/Projet_SI.srcs/sim_1/new/Processor_Simulation.vhd" into library xil_defaultlib
INFO: [VRFC 10-307] analyzing entity Processor_Simulation
INFO: [VRFC 10-163] Analyzing VHDL file "/home/organist/Documents/Projet_SI/Architecture Materiel/Projet_SI/Projet_SI.srcs/sources_1/new/processor.vhd" into library xil_defaultlib
INFO: [VRFC 10-307] analyzing entity processor
INFO: [VRFC 10-163] Analyzing VHDL file "/home/organist/Documents/Projet_SI/Architecture Materiel/Projet_SI/Projet_SI.srcs/sources_1/new/processor.vhd" into library xil_defaultlib
INFO: [VRFC 10-307] analyzing entity processor
INFO: [VRFC 10-163] Analyzing VHDL file "/home/organist/Documents/Projet_SI/Architecture Materiel/Projet_SI/Projet_SI.srcs/sources_1/new/Data_Memory.vhd" into library xil_defaultlib
INFO: [VRFC 10-307] analyzing entity RISC_SI
INFO: [VRFC 10-163] Analyzing VHDL file "/home/organist/Documents/Projet_SI/Architecture Materiel/Projet_SI/Projet_SI.srcs/sim_1/new/Processor_Simulation.vhd" into library xil_defaultlib
INFO: [VRFC 10-307] analyzing entity Processor_Simulation
INFO: [VRFC 10-163] Analyzing VHDL file "/home/organist/Documents/Projet_SI/Architecture Materiel/Projet_SI/Projet_SI.srcs/sources_1/new/processor.vhd" into library xil_defaultlib
INFO: [VRFC 10-307] analyzing entity processor
<<<<<<< HEAD
INFO: [VRFC 10-163] Analyzing VHDL file "/home/sorlin/Bureau/Langage et automates/Projet_SI/Architecture Materiel/Projet_SI/Projet_SI.srcs/sources_1/new/ALU.vhd" into library xil_defaultlib
INFO: [VRFC 10-307] analyzing entity ALU
INFO: [VRFC 10-163] Analyzing VHDL file "/home/sorlin/Bureau/Langage et automates/Projet_SI/Architecture Materiel/Projet_SI/Projet_SI.srcs/sources_1/new/Data_Memory.vhd" into library xil_defaultlib
INFO: [VRFC 10-307] analyzing entity RISC_SI
INFO: [VRFC 10-163] Analyzing VHDL file "/home/sorlin/Bureau/Langage et automates/Projet_SI/Architecture Materiel/Projet_SI/Projet_SI.srcs/sources_1/new/Instructions_Memory.vhd" into library xil_defaultlib
INFO: [VRFC 10-307] analyzing entity Instructions_Memory
INFO: [VRFC 10-163] Analyzing VHDL file "/home/sorlin/Bureau/Langage et automates/Projet_SI/Architecture Materiel/Projet_SI/Projet_SI.srcs/sources_1/new/Register.vhd" into library xil_defaultlib
INFO: [VRFC 10-307] analyzing entity Registers
INFO: [VRFC 10-163] Analyzing VHDL file "/home/sorlin/Bureau/Langage et automates/Projet_SI/Architecture Materiel/Projet_SI/Projet_SI.srcs/sources_1/new/processor.vhd" into library xil_defaultlib
INFO: [VRFC 10-307] analyzing entity processor
INFO: [VRFC 10-163] Analyzing VHDL file "/home/sorlin/Bureau/Langage et automates/Projet_SI/Architecture Materiel/Projet_SI/Projet_SI.srcs/sim_1/new/Processor_Simulation.vhd" into library xil_defaultlib
INFO: [VRFC 10-307] analyzing entity Processor_Simulation
=======
INFO: [VRFC 10-163] Analyzing VHDL file "/home/organist/Documents/repo/Projet_SI/Architecture Materiel/Projet_SI/Projet_SI.srcs/sources_1/new/ALU.vhd" into library xil_defaultlib
INFO: [VRFC 10-307] analyzing entity ALU
INFO: [VRFC 10-163] Analyzing VHDL file "/home/organist/Documents/repo/Projet_SI/Architecture Materiel/Projet_SI/Projet_SI.srcs/sources_1/new/Data_Memory.vhd" into library xil_defaultlib
INFO: [VRFC 10-307] analyzing entity RISC_SI
INFO: [VRFC 10-163] Analyzing VHDL file "/home/organist/Documents/repo/Projet_SI/Architecture Materiel/Projet_SI/Projet_SI.srcs/sources_1/new/Instructions_Memory.vhd" into library xil_defaultlib
INFO: [VRFC 10-307] analyzing entity Instructions_Memory
INFO: [VRFC 10-163] Analyzing VHDL file "/home/organist/Documents/repo/Projet_SI/Architecture Materiel/Projet_SI/Projet_SI.srcs/sources_1/new/Register.vhd" into library xil_defaultlib
INFO: [VRFC 10-307] analyzing entity Registers
INFO: [VRFC 10-163] Analyzing VHDL file "/home/organist/Documents/repo/Projet_SI/Architecture Materiel/Projet_SI/Projet_SI.srcs/sources_1/new/processor.vhd" into library xil_defaultlib
INFO: [VRFC 10-307] analyzing entity processor
INFO: [VRFC 10-163] Analyzing VHDL file "/home/organist/Documents/repo/Projet_SI/Architecture Materiel/Projet_SI/Projet_SI.srcs/sim_1/new/Processor_Simulation.vhd" into library xil_defaultlib
INFO: [VRFC 10-307] analyzing entity Processor_Simulation
INFO: [VRFC 10-163] Analyzing VHDL file "/home/organist/Documents/repo/Projet_SI/Architecture Materiel/Projet_SI/Projet_SI.srcs/sources_1/new/Instructions_Memory.vhd" into library xil_defaultlib
INFO: [VRFC 10-307] analyzing entity Instructions_Memory
INFO: [VRFC 10-163] Analyzing VHDL file "/home/organist/Documents/repo/Projet_SI/Architecture Materiel/Projet_SI/Projet_SI.srcs/sources_1/new/processor.vhd" into library xil_defaultlib
INFO: [VRFC 10-307] analyzing entity processor
INFO: [VRFC 10-163] Analyzing VHDL file "/home/organist/Documents/repo/Projet_SI/Architecture Materiel/Projet_SI/Projet_SI.srcs/sim_1/new/Processor_Simulation.vhd" into library xil_defaultlib
INFO: [VRFC 10-307] analyzing entity Processor_Simulation
INFO: [VRFC 10-163] Analyzing VHDL file "/home/organist/Documents/repo/Projet_SI/Architecture Materiel/Projet_SI/Projet_SI.srcs/sources_1/new/processor.vhd" into library xil_defaultlib
INFO: [VRFC 10-307] analyzing entity processor
INFO: [VRFC 10-163] Analyzing VHDL file "/home/organist/Documents/repo/Projet_SI/Architecture Materiel/Projet_SI/Projet_SI.srcs/sources_1/new/processor.vhd" into library xil_defaultlib
INFO: [VRFC 10-307] analyzing entity processor
INFO: [VRFC 10-163] Analyzing VHDL file "/home/organist/Documents/repo/Projet_SI/Architecture Materiel/Projet_SI/Projet_SI.srcs/sources_1/new/processor.vhd" into library xil_defaultlib
INFO: [VRFC 10-307] analyzing entity processor
INFO: [VRFC 10-163] Analyzing VHDL file "/home/organist/Documents/repo/Projet_SI/Architecture Materiel/Projet_SI/Projet_SI.srcs/sources_1/new/processor.vhd" into library xil_defaultlib
INFO: [VRFC 10-307] analyzing entity processor
INFO: [VRFC 10-163] Analyzing VHDL file "/home/organist/Documents/repo/Projet_SI/Architecture Materiel/Projet_SI/Projet_SI.srcs/sources_1/new/processor.vhd" into library xil_defaultlib
INFO: [VRFC 10-307] analyzing entity processor
INFO: [VRFC 10-163] Analyzing VHDL file "/home/organist/Documents/repo/Projet_SI/Architecture Materiel/Projet_SI/Projet_SI.srcs/sources_1/new/processor.vhd" into library xil_defaultlib
INFO: [VRFC 10-307] analyzing entity processor
INFO: [VRFC 10-163] Analyzing VHDL file "/home/organist/Documents/repo/Projet_SI/Architecture Materiel/Projet_SI/Projet_SI.srcs/sources_1/new/processor.vhd" into library xil_defaultlib
INFO: [VRFC 10-307] analyzing entity processor
INFO: [VRFC 10-163] Analyzing VHDL file "/home/organist/Documents/repo/Projet_SI/Architecture Materiel/Projet_SI/Projet_SI.srcs/sources_1/new/processor.vhd" into library xil_defaultlib
INFO: [VRFC 10-307] analyzing entity processor
INFO: [VRFC 10-163] Analyzing VHDL file "/home/organist/Documents/repo/Projet_SI/Architecture Materiel/Projet_SI/Projet_SI.srcs/sources_1/new/processor.vhd" into library xil_defaultlib
INFO: [VRFC 10-307] analyzing entity processor
INFO: [VRFC 10-163] Analyzing VHDL file "/home/organist/Documents/repo/Projet_SI/Architecture Materiel/Projet_SI/Projet_SI.srcs/sources_1/new/processor.vhd" into library xil_defaultlib
INFO: [VRFC 10-307] analyzing entity processor
INFO: [VRFC 10-163] Analyzing VHDL file "/home/organist/Documents/repo/Projet_SI/Architecture Materiel/Projet_SI/Projet_SI.srcs/sources_1/new/processor.vhd" into library xil_defaultlib
INFO: [VRFC 10-307] analyzing entity processor
INFO: [VRFC 10-163] Analyzing VHDL file "/home/organist/Documents/repo/Projet_SI/Architecture Materiel/Projet_SI/Projet_SI.srcs/sources_1/new/processor.vhd" into library xil_defaultlib
INFO: [VRFC 10-307] analyzing entity processor
INFO: [VRFC 10-163] Analyzing VHDL file "/home/organist/Documents/repo/Projet_SI/Architecture Materiel/Projet_SI/Projet_SI.srcs/sources_1/new/processor.vhd" into library xil_defaultlib
INFO: [VRFC 10-307] analyzing entity processor
INFO: [VRFC 10-163] Analyzing VHDL file "/home/organist/Documents/repo/Projet_SI/Architecture Materiel/Projet_SI/Projet_SI.srcs/sources_1/new/Instructions_Memory.vhd" into library xil_defaultlib
INFO: [VRFC 10-307] analyzing entity Instructions_Memory
INFO: [VRFC 10-163] Analyzing VHDL file "/home/organist/Documents/repo/Projet_SI/Architecture Materiel/Projet_SI/Projet_SI.srcs/sources_1/new/buffer.vhd" into library xil_defaultlib
INFO: [VRFC 10-307] analyzing entity Buffer_Pipeline
INFO: [VRFC 10-163] Analyzing VHDL file "/home/organist/Documents/repo/Projet_SI/Architecture Materiel/Projet_SI/Projet_SI.srcs/sim_1/new/Buffer_Pipeline_Simulation.vhd" into library xil_defaultlib
INFO: [VRFC 10-307] analyzing entity Buffer_Pipeline_Simulation
INFO: [VRFC 10-163] Analyzing VHDL file "/home/organist/Documents/repo/Projet_SI/Architecture Materiel/Projet_SI/Projet_SI.srcs/sim_1/new/Buffer_Pipeline_Simulation.vhd" into library xil_defaultlib
INFO: [VRFC 10-307] analyzing entity Buffer_Pipeline_Simulation
INFO: [VRFC 10-163] Analyzing VHDL file "/home/organist/Documents/repo/Projet_SI/Architecture Materiel/Projet_SI/Projet_SI.srcs/sources_1/new/processor.vhd" into library xil_defaultlib
INFO: [VRFC 10-307] analyzing entity processor
INFO: [VRFC 10-163] Analyzing VHDL file "/home/organist/Documents/repo/Projet_SI/Architecture Materiel/Projet_SI/Projet_SI.srcs/sim_1/new/Processor_Simulation.vhd" into library xil_defaultlib
INFO: [VRFC 10-307] analyzing entity Processor_Simulation
INFO: [VRFC 10-163] Analyzing VHDL file "/home/organist/Documents/repo/Projet_SI/Architecture Materiel/Projet_SI/Projet_SI.srcs/sources_1/new/processor.vhd" into library xil_defaultlib
INFO: [VRFC 10-307] analyzing entity processor
INFO: [VRFC 10-163] Analyzing VHDL file "/home/organist/Documents/repo/Projet_SI/Architecture Materiel/Projet_SI/Projet_SI.srcs/sim_1/new/Processor_Simulation.vhd" into library xil_defaultlib
INFO: [VRFC 10-307] analyzing entity Processor_Simulation
INFO: [VRFC 10-163] Analyzing VHDL file "/home/organist/Documents/repo/Projet_SI/Architecture Materiel/Projet_SI/Projet_SI.srcs/sources_1/new/processor.vhd" into library xil_defaultlib
INFO: [VRFC 10-307] analyzing entity processor
INFO: [VRFC 10-163] Analyzing VHDL file "/home/organist/Documents/repo/Projet_SI/Architecture Materiel/Projet_SI/Projet_SI.srcs/sim_1/new/Processor_Simulation.vhd" into library xil_defaultlib
INFO: [VRFC 10-307] analyzing entity Processor_Simulation
INFO: [VRFC 10-163] Analyzing VHDL file "/home/organist/Documents/repo/Projet_SI/Architecture Materiel/Projet_SI/Projet_SI.srcs/sim_1/new/Processor_Simulation.vhd" into library xil_defaultlib
INFO: [VRFC 10-307] analyzing entity Processor_Simulation
INFO: [VRFC 10-163] Analyzing VHDL file "/home/organist/Documents/repo/Projet_SI/Architecture Materiel/Projet_SI/Projet_SI.srcs/sim_1/new/Processor_Simulation.vhd" into library xil_defaultlib
INFO: [VRFC 10-307] analyzing entity Processor_Simulation
INFO: [VRFC 10-163] Analyzing VHDL file "/home/organist/Documents/repo/Projet_SI/Architecture Materiel/Projet_SI/Projet_SI.srcs/sources_1/new/processor.vhd" into library xil_defaultlib
INFO: [VRFC 10-307] analyzing entity processor
INFO: [VRFC 10-163] Analyzing VHDL file "/home/organist/Documents/repo/Projet_SI/Architecture Materiel/Projet_SI/Projet_SI.srcs/sources_1/new/processor.vhd" into library xil_defaultlib
INFO: [VRFC 10-307] analyzing entity processor
INFO: [VRFC 10-163] Analyzing VHDL file "/home/organist/Documents/repo/Projet_SI/Architecture Materiel/Projet_SI/Projet_SI.srcs/sources_1/new/processor.vhd" into library xil_defaultlib
INFO: [VRFC 10-307] analyzing entity processor
INFO: [VRFC 10-163] Analyzing VHDL file "/home/organist/Documents/repo/Projet_SI/Architecture Materiel/Projet_SI/Projet_SI.srcs/sources_1/new/processor.vhd" into library xil_defaultlib
INFO: [VRFC 10-307] analyzing entity processor
INFO: [VRFC 10-163] Analyzing VHDL file "/home/organist/Documents/repo/Projet_SI/Architecture Materiel/Projet_SI/Projet_SI.srcs/sources_1/new/Register.vhd" into library xil_defaultlib
INFO: [VRFC 10-307] analyzing entity Registers
INFO: [VRFC 10-163] Analyzing VHDL file "/home/organist/Documents/repo/Projet_SI/Architecture Materiel/Projet_SI/Projet_SI.srcs/sources_1/new/processor.vhd" into library xil_defaultlib
INFO: [VRFC 10-307] analyzing entity processor
INFO: [VRFC 10-163] Analyzing VHDL file "/home/organist/Documents/repo/Projet_SI/Architecture Materiel/Projet_SI/Projet_SI.srcs/sources_1/new/processor.vhd" into library xil_defaultlib
INFO: [VRFC 10-307] analyzing entity processor
INFO: [VRFC 10-163] Analyzing VHDL file "/home/organist/Documents/repo/Projet_SI/Architecture Materiel/Projet_SI/Projet_SI.srcs/sources_1/new/processor.vhd" into library xil_defaultlib
INFO: [VRFC 10-307] analyzing entity processor
INFO: [VRFC 10-163] Analyzing VHDL file "/home/organist/Documents/repo/Projet_SI/Architecture Materiel/Projet_SI/Projet_SI.srcs/sim_1/new/Processor_Simulation.vhd" into library xil_defaultlib
INFO: [VRFC 10-307] analyzing entity Processor_Simulation
INFO: [VRFC 10-163] Analyzing VHDL file "/home/organist/Documents/repo/Projet_SI/Architecture Materiel/Projet_SI/Projet_SI.srcs/sources_1/new/processor.vhd" into library xil_defaultlib
INFO: [VRFC 10-307] analyzing entity processor
INFO: [VRFC 10-163] Analyzing VHDL file "/home/organist/Documents/repo/Projet_SI/Architecture Materiel/Projet_SI/Projet_SI.srcs/sim_1/new/Processor_Simulation.vhd" into library xil_defaultlib
INFO: [VRFC 10-307] analyzing entity Processor_Simulation
INFO: [VRFC 10-163] Analyzing VHDL file "/home/organist/Documents/repo/Projet_SI/Architecture Materiel/Projet_SI/Projet_SI.srcs/sources_1/new/processor.vhd" into library xil_defaultlib
INFO: [VRFC 10-307] analyzing entity processor
INFO: [VRFC 10-163] Analyzing VHDL file "/home/organist/Documents/repo/Projet_SI/Architecture Materiel/Projet_SI/Projet_SI.srcs/sources_1/new/processor.vhd" into library xil_defaultlib
INFO: [VRFC 10-307] analyzing entity processor
INFO: [VRFC 10-163] Analyzing VHDL file "/home/organist/Documents/repo/Projet_SI/Architecture Materiel/Projet_SI/Projet_SI.srcs/sources_1/new/processor.vhd" into library xil_defaultlib
INFO: [VRFC 10-307] analyzing entity processor
INFO: [VRFC 10-163] Analyzing VHDL file "/home/organist/Documents/repo/Projet_SI/Architecture Materiel/Projet_SI/Projet_SI.srcs/sources_1/new/processor.vhd" into library xil_defaultlib
INFO: [VRFC 10-307] analyzing entity processor
INFO: [VRFC 10-163] Analyzing VHDL file "/home/organist/Documents/repo/Projet_SI/Architecture Materiel/Projet_SI/Projet_SI.srcs/sources_1/new/processor.vhd" into library xil_defaultlib
INFO: [VRFC 10-307] analyzing entity processor
INFO: [VRFC 10-163] Analyzing VHDL file "/home/organist/Documents/repo/Projet_SI/Architecture Materiel/Projet_SI/Projet_SI.srcs/sources_1/new/processor.vhd" into library xil_defaultlib
INFO: [VRFC 10-307] analyzing entity processor
INFO: [VRFC 10-163] Analyzing VHDL file "/home/organist/Documents/repo/Projet_SI/Architecture Materiel/Projet_SI/Projet_SI.srcs/sources_1/new/processor.vhd" into library xil_defaultlib
INFO: [VRFC 10-307] analyzing entity processor
INFO: [VRFC 10-163] Analyzing VHDL file "/home/organist/Documents/repo/Projet_SI/Architecture Materiel/Projet_SI/Projet_SI.srcs/sim_1/new/Processor_Simulation.vhd" into library xil_defaultlib
INFO: [VRFC 10-307] analyzing entity Processor_Simulation
INFO: [VRFC 10-163] Analyzing VHDL file "/home/organist/Documents/repo/Projet_SI/Architecture Materiel/Projet_SI/Projet_SI.srcs/sim_1/new/Processor_Simulation.vhd" into library xil_defaultlib
INFO: [VRFC 10-307] analyzing entity Processor_Simulation
INFO: [VRFC 10-163] Analyzing VHDL file "/home/organist/Documents/repo/Projet_SI/Architecture Materiel/Projet_SI/Projet_SI.srcs/sim_1/new/Processor_Simulation.vhd" into library xil_defaultlib
INFO: [VRFC 10-307] analyzing entity Processor_Simulation
INFO: [VRFC 10-163] Analyzing VHDL file "/home/organist/Documents/repo/Projet_SI/Architecture Materiel/Projet_SI/Projet_SI.srcs/sim_1/new/Processor_Simulation.vhd" into library xil_defaultlib
INFO: [VRFC 10-307] analyzing entity Processor_Simulation
INFO: [VRFC 10-163] Analyzing VHDL file "/home/organist/Documents/repo/Projet_SI/Architecture Materiel/Projet_SI/Projet_SI.srcs/sim_1/new/Processor_Simulation.vhd" into library xil_defaultlib
INFO: [VRFC 10-307] analyzing entity Processor_Simulation
INFO: [VRFC 10-163] Analyzing VHDL file "/home/organist/Documents/repo/Projet_SI/Architecture Materiel/Projet_SI/Projet_SI.srcs/sim_1/new/Processor_Simulation.vhd" into library xil_defaultlib
INFO: [VRFC 10-307] analyzing entity Processor_Simulation
INFO: [VRFC 10-163] Analyzing VHDL file "/home/organist/Documents/repo/Projet_SI/Architecture Materiel/Projet_SI/Projet_SI.srcs/sim_1/new/Processor_Simulation.vhd" into library xil_defaultlib
INFO: [VRFC 10-307] analyzing entity Processor_Simulation
INFO: [VRFC 10-163] Analyzing VHDL file "/home/organist/Documents/repo/Projet_SI/Architecture Materiel/Projet_SI/Projet_SI.srcs/sim_1/new/Processor_Simulation.vhd" into library xil_defaultlib
INFO: [VRFC 10-307] analyzing entity Processor_Simulation
INFO: [VRFC 10-163] Analyzing VHDL file "/home/organist/Documents/repo/Projet_SI/Architecture Materiel/Projet_SI/Projet_SI.srcs/sim_1/new/Processor_Simulation.vhd" into library xil_defaultlib
INFO: [VRFC 10-307] analyzing entity Processor_Simulation
INFO: [VRFC 10-163] Analyzing VHDL file "/home/organist/Documents/repo/Projet_SI/Architecture Materiel/Projet_SI/Projet_SI.srcs/sources_1/new/processor.vhd" into library xil_defaultlib
INFO: [VRFC 10-307] analyzing entity processor
INFO: [VRFC 10-163] Analyzing VHDL file "/home/organist/Documents/repo/Projet_SI/Architecture Materiel/Projet_SI/Projet_SI.srcs/sim_1/new/Processor_Simulation.vhd" into library xil_defaultlib
INFO: [VRFC 10-307] analyzing entity Processor_Simulation
INFO: [VRFC 10-163] Analyzing VHDL file "/home/organist/Documents/repo/Projet_SI/Architecture Materiel/Projet_SI/Projet_SI.srcs/sources_1/new/processor.vhd" into library xil_defaultlib
INFO: [VRFC 10-307] analyzing entity processor
INFO: [VRFC 10-163] Analyzing VHDL file "/home/organist/Documents/repo/Projet_SI/Architecture Materiel/Projet_SI/Projet_SI.srcs/sources_1/new/processor.vhd" into library xil_defaultlib
INFO: [VRFC 10-307] analyzing entity processor
INFO: [VRFC 10-163] Analyzing VHDL file "/home/organist/Documents/repo/Projet_SI/Architecture Materiel/Projet_SI/Projet_SI.srcs/sources_1/new/processor.vhd" into library xil_defaultlib
INFO: [VRFC 10-307] analyzing entity processor
INFO: [VRFC 10-163] Analyzing VHDL file "/home/organist/Documents/repo/Projet_SI/Architecture Materiel/Projet_SI/Projet_SI.srcs/sim_1/new/Processor_Simulation.vhd" into library xil_defaultlib
INFO: [VRFC 10-307] analyzing entity Processor_Simulation
INFO: [VRFC 10-163] Analyzing VHDL file "/home/organist/Documents/repo/Projet_SI/Architecture Materiel/Projet_SI/Projet_SI.srcs/sources_1/new/processor.vhd" into library xil_defaultlib
INFO: [VRFC 10-307] analyzing entity processor
INFO: [VRFC 10-163] Analyzing VHDL file "/home/organist/Documents/repo/Projet_SI/Architecture Materiel/Projet_SI/Projet_SI.srcs/sources_1/new/processor.vhd" into library xil_defaultlib
INFO: [VRFC 10-307] analyzing entity processor
INFO: [VRFC 10-163] Analyzing VHDL file "/home/organist/Documents/repo/Projet_SI/Architecture Materiel/Projet_SI/Projet_SI.srcs/sources_1/new/processor.vhd" into library xil_defaultlib
INFO: [VRFC 10-307] analyzing entity processor
INFO: [VRFC 10-163] Analyzing VHDL file "/home/organist/Documents/repo/Projet_SI/Architecture Materiel/Projet_SI/Projet_SI.srcs/sources_1/new/processor.vhd" into library xil_defaultlib
INFO: [VRFC 10-307] analyzing entity processor
INFO: [VRFC 10-163] Analyzing VHDL file "/home/organist/Documents/repo/Projet_SI/Architecture Materiel/Projet_SI/Projet_SI.srcs/sources_1/new/processor.vhd" into library xil_defaultlib
INFO: [VRFC 10-307] analyzing entity processor
INFO: [VRFC 10-163] Analyzing VHDL file "/home/organist/Documents/repo/Projet_SI/Architecture Materiel/Projet_SI/Projet_SI.srcs/sources_1/new/processor.vhd" into library xil_defaultlib
INFO: [VRFC 10-307] analyzing entity processor
INFO: [VRFC 10-163] Analyzing VHDL file "/home/organist/Documents/repo/Projet_SI/Architecture Materiel/Projet_SI/Projet_SI.srcs/sources_1/new/processor.vhd" into library xil_defaultlib
INFO: [VRFC 10-307] analyzing entity processor
INFO: [VRFC 10-163] Analyzing VHDL file "/home/organist/Documents/repo/Projet_SI/Architecture Materiel/Projet_SI/Projet_SI.srcs/sources_1/new/processor.vhd" into library xil_defaultlib
INFO: [VRFC 10-307] analyzing entity processor
INFO: [VRFC 10-163] Analyzing VHDL file "/home/organist/Documents/repo/Projet_SI/Architecture Materiel/Projet_SI/Projet_SI.srcs/sources_1/new/processor.vhd" into library xil_defaultlib
INFO: [VRFC 10-307] analyzing entity processor
INFO: [VRFC 10-163] Analyzing VHDL file "/home/organist/Documents/repo/Projet_SI/Architecture Materiel/Projet_SI/Projet_SI.srcs/sources_1/new/processor.vhd" into library xil_defaultlib
INFO: [VRFC 10-307] analyzing entity processor
INFO: [VRFC 10-163] Analyzing VHDL file "/home/organist/Documents/repo/Projet_SI/Architecture Materiel/Projet_SI/Projet_SI.srcs/sources_1/new/processor.vhd" into library xil_defaultlib
INFO: [VRFC 10-307] analyzing entity processor
INFO: [VRFC 10-163] Analyzing VHDL file "/home/organist/Documents/repo/Projet_SI/Architecture Materiel/Projet_SI/Projet_SI.srcs/sources_1/new/processor.vhd" into library xil_defaultlib
INFO: [VRFC 10-307] analyzing entity processor
INFO: [VRFC 10-163] Analyzing VHDL file "/home/organist/Documents/repo/Projet_SI/Architecture Materiel/Projet_SI/Projet_SI.srcs/sim_1/new/Processor_Simulation.vhd" into library xil_defaultlib
INFO: [VRFC 10-307] analyzing entity Processor_Simulation
INFO: [VRFC 10-163] Analyzing VHDL file "/home/organist/Documents/repo/Projet_SI/Architecture Materiel/Projet_SI/Projet_SI.srcs/sources_1/new/processor.vhd" into library xil_defaultlib
INFO: [VRFC 10-307] analyzing entity processor
INFO: [VRFC 10-163] Analyzing VHDL file "/home/organist/Documents/repo/Projet_SI/Architecture Materiel/Projet_SI/Projet_SI.srcs/sources_1/new/processor.vhd" into library xil_defaultlib
INFO: [VRFC 10-307] analyzing entity processor
INFO: [VRFC 10-163] Analyzing VHDL file "/home/organist/Documents/repo/Projet_SI/Architecture Materiel/Projet_SI/Projet_SI.srcs/sources_1/new/processor.vhd" into library xil_defaultlib
INFO: [VRFC 10-307] analyzing entity processor
INFO: [VRFC 10-163] Analyzing VHDL file "/home/organist/Documents/repo/Projet_SI/Architecture Materiel/Projet_SI/Projet_SI.srcs/sources_1/new/processor.vhd" into library xil_defaultlib
INFO: [VRFC 10-307] analyzing entity processor
INFO: [VRFC 10-163] Analyzing VHDL file "/home/organist/Documents/repo/Projet_SI/Architecture Materiel/Projet_SI/Projet_SI.srcs/sources_1/new/processor.vhd" into library xil_defaultlib
INFO: [VRFC 10-307] analyzing entity processor
INFO: [VRFC 10-163] Analyzing VHDL file "/home/organist/Documents/repo/Projet_SI/Architecture Materiel/Projet_SI/Projet_SI.srcs/sources_1/new/processor.vhd" into library xil_defaultlib
INFO: [VRFC 10-307] analyzing entity processor
INFO: [VRFC 10-163] Analyzing VHDL file "/home/organist/Documents/repo/Projet_SI/Architecture Materiel/Projet_SI/Projet_SI.srcs/sim_1/new/Processor_Simulation.vhd" into library xil_defaultlib
INFO: [VRFC 10-307] analyzing entity Processor_Simulation
INFO: [VRFC 10-163] Analyzing VHDL file "/home/organist/Documents/repo/Projet_SI/Architecture Materiel/Projet_SI/Projet_SI.srcs/sim_1/new/Processor_Simulation.vhd" into library xil_defaultlib
INFO: [VRFC 10-307] analyzing entity Processor_Simulation
INFO: [VRFC 10-163] Analyzing VHDL file "/home/organist/Documents/repo/Projet_SI/Architecture Materiel/Projet_SI/Projet_SI.srcs/sim_1/new/Processor_Simulation.vhd" into library xil_defaultlib
INFO: [VRFC 10-307] analyzing entity Processor_Simulation
INFO: [VRFC 10-163] Analyzing VHDL file "/home/organist/Documents/repo/Projet_SI/Architecture Materiel/Projet_SI/Projet_SI.srcs/sim_1/new/Processor_Simulation.vhd" into library xil_defaultlib
INFO: [VRFC 10-307] analyzing entity Processor_Simulation
INFO: [VRFC 10-163] Analyzing VHDL file "/home/organist/Documents/repo/Projet_SI/Architecture Materiel/Projet_SI/Projet_SI.srcs/sources_1/new/ALU.vhd" into library xil_defaultlib
INFO: [VRFC 10-307] analyzing entity ALU
INFO: [VRFC 10-163] Analyzing VHDL file "/home/organist/Documents/repo/Projet_SI/Architecture Materiel/Projet_SI/Projet_SI.srcs/sources_1/new/Instructions_Memory.vhd" into library xil_defaultlib
INFO: [VRFC 10-307] analyzing entity Instructions_Memory
INFO: [VRFC 10-163] Analyzing VHDL file "/home/organist/Documents/repo/Projet_SI/Architecture Materiel/Projet_SI/Projet_SI.srcs/sources_1/new/buffer.vhd" into library xil_defaultlib
INFO: [VRFC 10-307] analyzing entity Buffer_Pipeline
INFO: [VRFC 10-163] Analyzing VHDL file "/home/organist/Documents/repo/Projet_SI/Architecture Materiel/Projet_SI/Projet_SI.srcs/sources_1/new/processor.vhd" into library xil_defaultlib
INFO: [VRFC 10-307] analyzing entity processor
INFO: [VRFC 10-163] Analyzing VHDL file "/home/organist/Documents/repo/Projet_SI/Architecture Materiel/Projet_SI/Projet_SI.srcs/sim_1/new/Processor_Simulation.vhd" into library xil_defaultlib
INFO: [VRFC 10-307] analyzing entity Processor_Simulation
INFO: [VRFC 10-163] Analyzing VHDL file "/home/organist/Documents/repo/Projet_SI/Architecture Materiel/Projet_SI/Projet_SI.srcs/sources_1/new/processor.vhd" into library xil_defaultlib
INFO: [VRFC 10-307] analyzing entity processor
INFO: [VRFC 10-163] Analyzing VHDL file "/home/organist/Documents/repo/Projet_SI/Architecture Materiel/Projet_SI/Projet_SI.srcs/sources_1/new/processor.vhd" into library xil_defaultlib
INFO: [VRFC 10-307] analyzing entity processor
INFO: [VRFC 10-163] Analyzing VHDL file "/home/organist/Documents/repo/Projet_SI/Architecture Materiel/Projet_SI/Projet_SI.srcs/sources_1/new/processor.vhd" into library xil_defaultlib
INFO: [VRFC 10-307] analyzing entity processor
INFO: [VRFC 10-163] Analyzing VHDL file "/home/organist/Documents/repo/Projet_SI/Architecture Materiel/Projet_SI/Projet_SI.srcs/sim_1/new/Processor_Simulation.vhd" into library xil_defaultlib
INFO: [VRFC 10-307] analyzing entity Processor_Simulation
INFO: [VRFC 10-163] Analyzing VHDL file "/home/organist/Documents/repo/Projet_SI/Architecture Materiel/Projet_SI/Projet_SI.srcs/sources_1/new/processor.vhd" into library xil_defaultlib
INFO: [VRFC 10-307] analyzing entity processor
INFO: [VRFC 10-163] Analyzing VHDL file "/home/organist/Documents/repo/Projet_SI/Architecture Materiel/Projet_SI/Projet_SI.srcs/sources_1/new/processor.vhd" into library xil_defaultlib
INFO: [VRFC 10-307] analyzing entity processor
INFO: [VRFC 10-163] Analyzing VHDL file "/home/organist/Documents/repo/Projet_SI/Architecture Materiel/Projet_SI/Projet_SI.srcs/sources_1/new/processor.vhd" into library xil_defaultlib
INFO: [VRFC 10-307] analyzing entity processor
INFO: [VRFC 10-163] Analyzing VHDL file "/home/organist/Documents/repo/Projet_SI/Architecture Materiel/Projet_SI/Projet_SI.srcs/sources_1/new/processor.vhd" into library xil_defaultlib
INFO: [VRFC 10-307] analyzing entity processor
INFO: [VRFC 10-163] Analyzing VHDL file "/home/organist/Documents/repo/Projet_SI/Architecture Materiel/Projet_SI/Projet_SI.srcs/sources_1/new/processor.vhd" into library xil_defaultlib
INFO: [VRFC 10-307] analyzing entity processor
INFO: [VRFC 10-163] Analyzing VHDL file "/home/organist/Documents/repo/Projet_SI/Architecture Materiel/Projet_SI/Projet_SI.srcs/sim_1/new/Processor_Simulation.vhd" into library xil_defaultlib
INFO: [VRFC 10-307] analyzing entity Processor_Simulation
INFO: [VRFC 10-163] Analyzing VHDL file "/home/organist/Documents/repo/Projet_SI/Architecture Materiel/Projet_SI/Projet_SI.srcs/sources_1/new/Instructions_Memory.vhd" into library xil_defaultlib
INFO: [VRFC 10-307] analyzing entity Instructions_Memory
INFO: [VRFC 10-163] Analyzing VHDL file "/home/organist/Documents/repo/Projet_SI/Architecture Materiel/Projet_SI/Projet_SI.srcs/sources_1/new/processor.vhd" into library xil_defaultlib
INFO: [VRFC 10-307] analyzing entity processor
INFO: [VRFC 10-163] Analyzing VHDL file "/home/organist/Documents/repo/Projet_SI/Architecture Materiel/Projet_SI/Projet_SI.srcs/sim_1/new/Processor_Simulation.vhd" into library xil_defaultlib
INFO: [VRFC 10-307] analyzing entity Processor_Simulation
INFO: [VRFC 10-163] Analyzing VHDL file "/home/organist/Documents/repo/Projet_SI/Architecture Materiel/Projet_SI/Projet_SI.srcs/sim_1/new/Processor_Simulation.vhd" into library xil_defaultlib
INFO: [VRFC 10-307] analyzing entity Processor_Simulation
INFO: [VRFC 10-163] Analyzing VHDL file "/home/organist/Documents/repo/Projet_SI/Architecture Materiel/Projet_SI/Projet_SI.srcs/sources_1/new/Instructions_Memory.vhd" into library xil_defaultlib
INFO: [VRFC 10-307] analyzing entity Instructions_Memory
INFO: [VRFC 10-163] Analyzing VHDL file "/home/organist/Documents/repo/Projet_SI/Architecture Materiel/Projet_SI/Projet_SI.srcs/sim_1/new/Processor_Simulation.vhd" into library xil_defaultlib
INFO: [VRFC 10-307] analyzing entity Processor_Simulation
INFO: [VRFC 10-163] Analyzing VHDL file "/home/organist/Documents/repo/Projet_SI/Architecture Materiel/Projet_SI/Projet_SI.srcs/sources_1/new/Instructions_Memory.vhd" into library xil_defaultlib
INFO: [VRFC 10-307] analyzing entity Instructions_Memory
INFO: [VRFC 10-163] Analyzing VHDL file "/home/organist/Documents/repo/Projet_SI/Architecture Materiel/Projet_SI/Projet_SI.srcs/sources_1/new/processor.vhd" into library xil_defaultlib
INFO: [VRFC 10-307] analyzing entity processor
INFO: [VRFC 10-163] Analyzing VHDL file "/home/organist/Documents/repo/Projet_SI/Architecture Materiel/Projet_SI/Projet_SI.srcs/sim_1/new/Processor_Simulation.vhd" into library xil_defaultlib
INFO: [VRFC 10-307] analyzing entity Processor_Simulation
INFO: [VRFC 10-163] Analyzing VHDL file "/home/organist/Documents/repo/Projet_SI/Architecture Materiel/Projet_SI/Projet_SI.srcs/sources_1/new/Instructions_Memory.vhd" into library xil_defaultlib
INFO: [VRFC 10-307] analyzing entity Instructions_Memory
INFO: [VRFC 10-163] Analyzing VHDL file "/home/organist/Documents/repo/Projet_SI/Architecture Materiel/Projet_SI/Projet_SI.srcs/sim_1/new/Registers_Simulation.vhd" into library xil_defaultlib
INFO: [VRFC 10-307] analyzing entity Registers_Simulation
INFO: [VRFC 10-163] Analyzing VHDL file "/home/organist/Documents/repo/Projet_SI/Architecture Materiel/Projet_SI/Projet_SI.srcs/sim_1/new/Registers_Simulation.vhd" into library xil_defaultlib
INFO: [VRFC 10-307] analyzing entity Registers_Simulation
INFO: [VRFC 10-163] Analyzing VHDL file "/home/organist/Documents/repo/Projet_SI/Architecture Materiel/Projet_SI/Projet_SI.srcs/sim_1/new/Registers_Simulation.vhd" into library xil_defaultlib
INFO: [VRFC 10-307] analyzing entity Registers_Simulation
INFO: [VRFC 10-163] Analyzing VHDL file "/home/organist/Documents/repo/Projet_SI/Architecture Materiel/Projet_SI/Projet_SI.srcs/sim_1/new/Registers_Simulation.vhd" into library xil_defaultlib
INFO: [VRFC 10-307] analyzing entity Registers_Simulation
INFO: [VRFC 10-163] Analyzing VHDL file "/home/organist/Documents/repo/Projet_SI/Architecture Materiel/Projet_SI/Projet_SI.srcs/sources_1/new/Instructions_Memory.vhd" into library xil_defaultlib
INFO: [VRFC 10-307] analyzing entity Instructions_Memory
INFO: [VRFC 10-163] Analyzing VHDL file "/home/organist/Documents/repo/Projet_SI/Architecture Materiel/Projet_SI/Projet_SI.srcs/sources_1/new/Instructions_Memory.vhd" into library xil_defaultlib
INFO: [VRFC 10-307] analyzing entity Instructions_Memory
INFO: [VRFC 10-163] Analyzing VHDL file "/home/organist/Documents/repo/Projet_SI/Architecture Materiel/Projet_SI/Projet_SI.srcs/sources_1/new/processor.vhd" into library xil_defaultlib
INFO: [VRFC 10-307] analyzing entity processor
INFO: [VRFC 10-163] Analyzing VHDL file "/home/organist/Documents/repo/Projet_SI/Architecture Materiel/Projet_SI/Projet_SI.srcs/sources_1/new/Instructions_Memory.vhd" into library xil_defaultlib
INFO: [VRFC 10-307] analyzing entity Instructions_Memory
INFO: [VRFC 10-163] Analyzing VHDL file "/home/organist/Documents/repo/Projet_SI/Architecture Materiel/Projet_SI/Projet_SI.srcs/sources_1/new/processor.vhd" into library xil_defaultlib
INFO: [VRFC 10-307] analyzing entity processor
INFO: [VRFC 10-163] Analyzing VHDL file "/home/organist/Documents/repo/Projet_SI/Architecture Materiel/Projet_SI/Projet_SI.srcs/sources_1/new/Instructions_Memory.vhd" into library xil_defaultlib
INFO: [VRFC 10-307] analyzing entity Instructions_Memory
INFO: [VRFC 10-163] Analyzing VHDL file "/home/organist/Documents/repo/Projet_SI/Architecture Materiel/Projet_SI/Projet_SI.srcs/sources_1/new/Instructions_Memory.vhd" into library xil_defaultlib
INFO: [VRFC 10-307] analyzing entity Instructions_Memory
INFO: [VRFC 10-163] Analyzing VHDL file "/home/organist/Documents/repo/Projet_SI/Architecture Materiel/Projet_SI/Projet_SI.srcs/sources_1/new/processor.vhd" into library xil_defaultlib
INFO: [VRFC 10-307] analyzing entity processor
INFO: [VRFC 10-163] Analyzing VHDL file "/home/organist/Documents/repo/Projet_SI/Architecture Materiel/Projet_SI/Projet_SI.srcs/sources_1/new/processor.vhd" into library xil_defaultlib
INFO: [VRFC 10-307] analyzing entity processor
INFO: [VRFC 10-163] Analyzing VHDL file "/home/organist/Documents/repo/Projet_SI/Architecture Materiel/Projet_SI/Projet_SI.srcs/sources_1/new/processor.vhd" into library xil_defaultlib
INFO: [VRFC 10-307] analyzing entity processor
INFO: [VRFC 10-163] Analyzing VHDL file "/home/organist/Documents/repo/Projet_SI/Architecture Materiel/Projet_SI/Projet_SI.srcs/sources_1/new/Instructions_Memory.vhd" into library xil_defaultlib
INFO: [VRFC 10-307] analyzing entity Instructions_Memory
INFO: [VRFC 10-163] Analyzing VHDL file "/home/organist/Documents/repo/Projet_SI/Architecture Materiel/Projet_SI/Projet_SI.srcs/sources_1/new/Instructions_Memory.vhd" into library xil_defaultlib
INFO: [VRFC 10-307] analyzing entity Instructions_Memory
INFO: [VRFC 10-163] Analyzing VHDL file "/home/organist/Documents/repo/Projet_SI/Architecture Materiel/Projet_SI/Projet_SI.srcs/sources_1/new/Instructions_Memory.vhd" into library xil_defaultlib
INFO: [VRFC 10-307] analyzing entity Instructions_Memory
INFO: [VRFC 10-163] Analyzing VHDL file "/home/organist/Documents/repo/Projet_SI/Architecture Materiel/Projet_SI/Projet_SI.srcs/sources_1/new/processor.vhd" into library xil_defaultlib
INFO: [VRFC 10-307] analyzing entity processor
INFO: [VRFC 10-163] Analyzing VHDL file "/home/organist/Documents/repo/Projet_SI/Architecture Materiel/Projet_SI/Projet_SI.srcs/sources_1/new/processor.vhd" into library xil_defaultlib
INFO: [VRFC 10-307] analyzing entity processor
INFO: [VRFC 10-163] Analyzing VHDL file "/home/organist/Documents/repo/Projet_SI/Architecture Materiel/Projet_SI/Projet_SI.srcs/sources_1/new/processor.vhd" into library xil_defaultlib
INFO: [VRFC 10-307] analyzing entity processor
INFO: [VRFC 10-163] Analyzing VHDL file "/home/organist/Documents/repo/Projet_SI/Architecture Materiel/Projet_SI/Projet_SI.srcs/sources_1/new/processor.vhd" into library xil_defaultlib
INFO: [VRFC 10-307] analyzing entity processor
INFO: [VRFC 10-163] Analyzing VHDL file "/home/organist/Documents/repo/Projet_SI/Architecture Materiel/Projet_SI/Projet_SI.srcs/sources_1/new/processor.vhd" into library xil_defaultlib
INFO: [VRFC 10-307] analyzing entity processor
INFO: [VRFC 10-163] Analyzing VHDL file "/home/organist/Documents/repo/Projet_SI/Architecture Materiel/Projet_SI/Projet_SI.srcs/sources_1/new/processor.vhd" into library xil_defaultlib
INFO: [VRFC 10-307] analyzing entity processor
INFO: [VRFC 10-163] Analyzing VHDL file "/home/organist/Documents/repo/Projet_SI/Architecture Materiel/Projet_SI/Projet_SI.srcs/sources_1/new/processor.vhd" into library xil_defaultlib
INFO: [VRFC 10-307] analyzing entity processor
INFO: [VRFC 10-163] Analyzing VHDL file "/home/organist/Documents/repo/Projet_SI/Architecture Materiel/Projet_SI/Projet_SI.srcs/sources_1/new/ALU.vhd" into library xil_defaultlib
INFO: [VRFC 10-307] analyzing entity ALU
INFO: [VRFC 10-163] Analyzing VHDL file "/home/organist/Documents/repo/Projet_SI/Architecture Materiel/Projet_SI/Projet_SI.srcs/sources_1/new/Instructions_Memory.vhd" into library xil_defaultlib
INFO: [VRFC 10-307] analyzing entity Instructions_Memory
INFO: [VRFC 10-163] Analyzing VHDL file "/home/organist/Documents/repo/Projet_SI/Architecture Materiel/Projet_SI/Projet_SI.srcs/sources_1/new/processor.vhd" into library xil_defaultlib
INFO: [VRFC 10-307] analyzing entity processor
INFO: [VRFC 10-163] Analyzing VHDL file "/home/organist/Documents/repo/Projet_SI/Architecture Materiel/Projet_SI/Projet_SI.srcs/sim_1/new/Processor_Simulation.vhd" into library xil_defaultlib
INFO: [VRFC 10-307] analyzing entity Processor_Simulation
INFO: [VRFC 10-163] Analyzing VHDL file "/home/organist/Documents/repo/Projet_SI/Architecture Materiel/Projet_SI/Projet_SI.srcs/sources_1/new/processor.vhd" into library xil_defaultlib
INFO: [VRFC 10-307] analyzing entity processor
INFO: [VRFC 10-163] Analyzing VHDL file "/home/organist/Documents/repo/Projet_SI/Architecture Materiel/Projet_SI/Projet_SI.srcs/sources_1/new/processor.vhd" into library xil_defaultlib
INFO: [VRFC 10-307] analyzing entity processor
INFO: [VRFC 10-163] Analyzing VHDL file "/home/organist/Documents/repo/Projet_SI/Architecture Materiel/Projet_SI/Projet_SI.srcs/sources_1/new/processor.vhd" into library xil_defaultlib
INFO: [VRFC 10-307] analyzing entity processor
INFO: [VRFC 10-163] Analyzing VHDL file "/home/organist/Documents/repo/Projet_SI/Architecture Materiel/Projet_SI/Projet_SI.srcs/sources_1/new/processor.vhd" into library xil_defaultlib
INFO: [VRFC 10-307] analyzing entity processor
INFO: [VRFC 10-163] Analyzing VHDL file "/home/organist/Documents/repo/Projet_SI/Architecture Materiel/Projet_SI/Projet_SI.srcs/sources_1/new/Counter.vhd" into library xil_defaultlib
INFO: [VRFC 10-307] analyzing entity Counter
INFO: [VRFC 10-163] Analyzing VHDL file "/home/organist/Documents/repo/Projet_SI/Architecture Materiel/Projet_SI/Projet_SI.srcs/sources_1/new/processor.vhd" into library xil_defaultlib
INFO: [VRFC 10-307] analyzing entity processor
INFO: [VRFC 10-163] Analyzing VHDL file "/home/organist/Documents/repo/Projet_SI/Architecture Materiel/Projet_SI/Projet_SI.srcs/sources_1/new/processor.vhd" into library xil_defaultlib
INFO: [VRFC 10-307] analyzing entity processor
INFO: [VRFC 10-163] Analyzing VHDL file "/home/organist/Documents/repo/Projet_SI/Architecture Materiel/Projet_SI/Projet_SI.srcs/sources_1/new/processor.vhd" into library xil_defaultlib
INFO: [VRFC 10-307] analyzing entity processor
INFO: [VRFC 10-163] Analyzing VHDL file "/home/organist/Documents/repo/Projet_SI/Architecture Materiel/Projet_SI/Projet_SI.srcs/sources_1/new/processor.vhd" into library xil_defaultlib
INFO: [VRFC 10-307] analyzing entity processor
INFO: [VRFC 10-163] Analyzing VHDL file "/home/organist/Documents/repo/Projet_SI/Architecture Materiel/Projet_SI/Projet_SI.srcs/sources_1/new/processor.vhd" into library xil_defaultlib
INFO: [VRFC 10-307] analyzing entity processor
INFO: [VRFC 10-163] Analyzing VHDL file "/home/organist/Documents/repo/Projet_SI/Architecture Materiel/Projet_SI/Projet_SI.srcs/sources_1/new/processor.vhd" into library xil_defaultlib
INFO: [VRFC 10-307] analyzing entity processor
INFO: [VRFC 10-163] Analyzing VHDL file "/home/organist/Documents/repo/Projet_SI/Architecture Materiel/Projet_SI/Projet_SI.srcs/sources_1/new/processor.vhd" into library xil_defaultlib
INFO: [VRFC 10-307] analyzing entity processor
INFO: [VRFC 10-163] Analyzing VHDL file "/home/organist/Documents/repo/Projet_SI/Architecture Materiel/Projet_SI/Projet_SI.srcs/sources_1/new/processor.vhd" into library xil_defaultlib
INFO: [VRFC 10-307] analyzing entity processor
INFO: [VRFC 10-163] Analyzing VHDL file "/home/organist/Documents/repo/Projet_SI/Architecture Materiel/Projet_SI/Projet_SI.srcs/sources_1/new/processor.vhd" into library xil_defaultlib
INFO: [VRFC 10-307] analyzing entity processor
INFO: [VRFC 10-163] Analyzing VHDL file "/home/organist/Documents/repo/Projet_SI/Architecture Materiel/Projet_SI/Projet_SI.srcs/sources_1/new/processor.vhd" into library xil_defaultlib
INFO: [VRFC 10-307] analyzing entity processor
INFO: [VRFC 10-163] Analyzing VHDL file "/home/organist/Documents/repo/Projet_SI/Architecture Materiel/Projet_SI/Projet_SI.srcs/sources_1/new/processor.vhd" into library xil_defaultlib
INFO: [VRFC 10-307] analyzing entity processor
INFO: [VRFC 10-163] Analyzing VHDL file "/home/organist/Documents/repo/Projet_SI/Architecture Materiel/Projet_SI/Projet_SI.srcs/sources_1/new/processor.vhd" into library xil_defaultlib
INFO: [VRFC 10-307] analyzing entity processor
INFO: [VRFC 10-163] Analyzing VHDL file "/home/organist/Documents/repo/Projet_SI/Architecture Materiel/Projet_SI/Projet_SI.srcs/sources_1/new/processor.vhd" into library xil_defaultlib
INFO: [VRFC 10-307] analyzing entity processor
INFO: [VRFC 10-163] Analyzing VHDL file "/home/organist/Documents/repo/Projet_SI/Architecture Materiel/Projet_SI/Projet_SI.srcs/sources_1/new/processor.vhd" into library xil_defaultlib
INFO: [VRFC 10-307] analyzing entity processor
INFO: [VRFC 10-163] Analyzing VHDL file "/home/organist/Documents/repo/Projet_SI/Architecture Materiel/Projet_SI/Projet_SI.srcs/sources_1/new/processor.vhd" into library xil_defaultlib
INFO: [VRFC 10-307] analyzing entity processor
INFO: [VRFC 10-163] Analyzing VHDL file "/home/organist/Documents/repo/Projet_SI/Architecture Materiel/Projet_SI/Projet_SI.srcs/sources_1/new/Instructions_Memory.vhd" into library xil_defaultlib
INFO: [VRFC 10-307] analyzing entity Instructions_Memory
INFO: [VRFC 10-163] Analyzing VHDL file "/home/organist/Documents/repo/Projet_SI/Architecture Materiel/Projet_SI/Projet_SI.srcs/sources_1/new/processor.vhd" into library xil_defaultlib
INFO: [VRFC 10-307] analyzing entity processor
INFO: [VRFC 10-163] Analyzing VHDL file "/home/organist/Documents/repo/Projet_SI/Architecture Materiel/Projet_SI/Projet_SI.srcs/sources_1/new/Instructions_Memory.vhd" into library xil_defaultlib
INFO: [VRFC 10-307] analyzing entity Instructions_Memory
INFO: [VRFC 10-163] Analyzing VHDL file "/home/organist/Documents/repo/Projet_SI/Architecture Materiel/Projet_SI/Projet_SI.srcs/sources_1/new/Data_Memory.vhd" into library xil_defaultlib
INFO: [VRFC 10-307] analyzing entity RISC_SI
INFO: [VRFC 10-163] Analyzing VHDL file "/home/organist/Documents/repo/Projet_SI/Architecture Materiel/Projet_SI/Projet_SI.srcs/sources_1/new/Data_Memory.vhd" into library xil_defaultlib
INFO: [VRFC 10-307] analyzing entity RISC_SI
INFO: [VRFC 10-163] Analyzing VHDL file "/home/organist/Documents/repo/Projet_SI/Architecture Materiel/Projet_SI/Projet_SI.srcs/sources_1/new/processor.vhd" into library xil_defaultlib
INFO: [VRFC 10-307] analyzing entity processor
INFO: [VRFC 10-163] Analyzing VHDL file "/home/organist/Documents/repo/Projet_SI/Architecture Materiel/Projet_SI/Projet_SI.srcs/sources_1/new/processor.vhd" into library xil_defaultlib
INFO: [VRFC 10-307] analyzing entity processor
INFO: [VRFC 10-163] Analyzing VHDL file "/home/organist/Documents/repo/Projet_SI/Architecture Materiel/Projet_SI/Projet_SI.srcs/sources_1/new/processor.vhd" into library xil_defaultlib
INFO: [VRFC 10-307] analyzing entity processor
INFO: [VRFC 10-163] Analyzing VHDL file "/home/organist/Documents/repo/Projet_SI/Architecture Materiel/Projet_SI/Projet_SI.srcs/sources_1/new/processor.vhd" into library xil_defaultlib
INFO: [VRFC 10-307] analyzing entity processor
INFO: [VRFC 10-163] Analyzing VHDL file "/home/organist/Documents/repo/Projet_SI/Architecture Materiel/Projet_SI/Projet_SI.srcs/sources_1/new/Instructions_Memory.vhd" into library xil_defaultlib
INFO: [VRFC 10-307] analyzing entity Instructions_Memory
INFO: [VRFC 10-163] Analyzing VHDL file "/home/organist/Documents/repo/Projet_SI/Architecture Materiel/Projet_SI/Projet_SI.srcs/sources_1/new/processor.vhd" into library xil_defaultlib
INFO: [VRFC 10-307] analyzing entity processor
INFO: [VRFC 10-163] Analyzing VHDL file "/home/organist/Documents/repo/Projet_SI/Architecture Materiel/Projet_SI/Projet_SI.srcs/sources_1/new/processor.vhd" into library xil_defaultlib
INFO: [VRFC 10-307] analyzing entity processor
INFO: [VRFC 10-163] Analyzing VHDL file "/home/organist/Documents/repo/Projet_SI/Architecture Materiel/Projet_SI/Projet_SI.srcs/sim_1/new/Processor_Simulation.vhd" into library xil_defaultlib
INFO: [VRFC 10-307] analyzing entity Processor_Simulation
INFO: [VRFC 10-163] Analyzing VHDL file "/home/organist/Documents/repo/Projet_SI/Architecture Materiel/Projet_SI/Projet_SI.srcs/sources_1/new/Counter.vhd" into library xil_defaultlib
INFO: [VRFC 10-307] analyzing entity Counter
INFO: [VRFC 10-163] Analyzing VHDL file "/home/organist/Documents/repo/Projet_SI/Architecture Materiel/Projet_SI/Projet_SI.srcs/sources_1/new/processor.vhd" into library xil_defaultlib
INFO: [VRFC 10-307] analyzing entity processor
INFO: [VRFC 10-163] Analyzing VHDL file "/home/organist/Documents/repo/Projet_SI/Architecture Materiel/Projet_SI/Projet_SI.srcs/sim_1/new/Processor_Simulation.vhd" into library xil_defaultlib
INFO: [VRFC 10-307] analyzing entity Processor_Simulation
INFO: [VRFC 10-163] Analyzing VHDL file "/home/organist/Documents/repo/Projet_SI/Architecture Materiel/Projet_SI/Projet_SI.srcs/sources_1/new/processor.vhd" into library xil_defaultlib
INFO: [VRFC 10-307] analyzing entity processor
INFO: [VRFC 10-163] Analyzing VHDL file "/home/organist/Documents/repo/Projet_SI/Architecture Materiel/Projet_SI/Projet_SI.srcs/sources_1/new/Counter.vhd" into library xil_defaultlib
INFO: [VRFC 10-307] analyzing entity Counter
INFO: [VRFC 10-163] Analyzing VHDL file "/home/organist/Documents/repo/Projet_SI/Architecture Materiel/Projet_SI/Projet_SI.srcs/sources_1/new/processor.vhd" into library xil_defaultlib
INFO: [VRFC 10-307] analyzing entity processor
INFO: [VRFC 10-163] Analyzing VHDL file "/home/organist/Documents/repo/Projet_SI/Architecture Materiel/Projet_SI/Projet_SI.srcs/sources_1/new/Counter.vhd" into library xil_defaultlib
INFO: [VRFC 10-307] analyzing entity Counter
INFO: [VRFC 10-163] Analyzing VHDL file "/home/organist/Documents/repo/Projet_SI/Architecture Materiel/Projet_SI/Projet_SI.srcs/sources_1/new/processor.vhd" into library xil_defaultlib
INFO: [VRFC 10-307] analyzing entity processor
INFO: [VRFC 10-163] Analyzing VHDL file "/home/organist/Documents/repo/Projet_SI/Architecture Materiel/Projet_SI/Projet_SI.srcs/sources_1/new/processor.vhd" into library xil_defaultlib
INFO: [VRFC 10-307] analyzing entity processor
INFO: [VRFC 10-163] Analyzing VHDL file "/home/organist/Documents/repo/Projet_SI/Architecture Materiel/Projet_SI/Projet_SI.srcs/sources_1/new/Instructions_Memory.vhd" into library xil_defaultlib
INFO: [VRFC 10-307] analyzing entity Instructions_Memory
INFO: [VRFC 10-163] Analyzing VHDL file "/home/organist/Documents/repo/Projet_SI/Architecture Materiel/Projet_SI/Projet_SI.srcs/sources_1/new/Instructions_Memory.vhd" into library xil_defaultlib
INFO: [VRFC 10-307] analyzing entity Instructions_Memory
INFO: [VRFC 10-163] Analyzing VHDL file "/home/organist/Documents/repo/Projet_SI/Architecture Materiel/Projet_SI/Projet_SI.srcs/sources_1/new/processor.vhd" into library xil_defaultlib
INFO: [VRFC 10-307] analyzing entity processor
INFO: [VRFC 10-163] Analyzing VHDL file "/home/organist/Documents/repo/Projet_SI/Architecture Materiel/Projet_SI/Projet_SI.srcs/sources_1/new/Instructions_Memory.vhd" into library xil_defaultlib
INFO: [VRFC 10-307] analyzing entity Instructions_Memory
INFO: [VRFC 10-163] Analyzing VHDL file "/home/organist/Documents/repo/Projet_SI/Architecture Materiel/Projet_SI/Projet_SI.srcs/sources_1/new/processor.vhd" into library xil_defaultlib
INFO: [VRFC 10-307] analyzing entity processor
INFO: [VRFC 10-163] Analyzing VHDL file "/home/organist/Documents/repo/Projet_SI/Architecture Materiel/Projet_SI/Projet_SI.srcs/sources_1/new/Instructions_Memory.vhd" into library xil_defaultlib
INFO: [VRFC 10-307] analyzing entity Instructions_Memory
INFO: [VRFC 10-163] Analyzing VHDL file "/home/organist/Documents/repo/Projet_SI/Architecture Materiel/Projet_SI/Projet_SI.srcs/sources_1/new/Instructions_Memory.vhd" into library xil_defaultlib
INFO: [VRFC 10-307] analyzing entity Instructions_Memory
INFO: [VRFC 10-163] Analyzing VHDL file "/home/organist/Documents/repo/Projet_SI/Architecture Materiel/Projet_SI/Projet_SI.srcs/sources_1/new/processor.vhd" into library xil_defaultlib
INFO: [VRFC 10-307] analyzing entity processor
INFO: [VRFC 10-163] Analyzing VHDL file "/home/organist/Documents/repo/Projet_SI/Architecture Materiel/Projet_SI/Projet_SI.srcs/sources_1/new/processor.vhd" into library xil_defaultlib
INFO: [VRFC 10-307] analyzing entity processor
INFO: [VRFC 10-163] Analyzing VHDL file "/home/organist/Documents/repo/Projet_SI/Architecture Materiel/Projet_SI/Projet_SI.srcs/sources_1/new/processor.vhd" into library xil_defaultlib
INFO: [VRFC 10-307] analyzing entity processor
INFO: [VRFC 10-163] Analyzing VHDL file "/home/organist/Documents/repo/Projet_SI/Architecture Materiel/Projet_SI/Projet_SI.srcs/sources_1/new/processor.vhd" into library xil_defaultlib
INFO: [VRFC 10-307] analyzing entity processor
INFO: [VRFC 10-163] Analyzing VHDL file "/home/organist/Documents/repo/Projet_SI/Architecture Materiel/Projet_SI/Projet_SI.srcs/sources_1/new/processor.vhd" into library xil_defaultlib
INFO: [VRFC 10-307] analyzing entity processor
INFO: [VRFC 10-163] Analyzing VHDL file "/home/organist/Documents/repo/Projet_SI/Architecture Materiel/Projet_SI/Projet_SI.srcs/sources_1/new/processor.vhd" into library xil_defaultlib
INFO: [VRFC 10-307] analyzing entity processor
INFO: [VRFC 10-163] Analyzing VHDL file "/home/organist/Documents/repo/Projet_SI/Architecture Materiel/Projet_SI/Projet_SI.srcs/sources_1/new/Instructions_Memory.vhd" into library xil_defaultlib
INFO: [VRFC 10-307] analyzing entity Instructions_Memory
INFO: [VRFC 10-163] Analyzing VHDL file "/home/organist/Documents/repo/Projet_SI/Architecture Materiel/Projet_SI/Projet_SI.srcs/sources_1/new/processor.vhd" into library xil_defaultlib
INFO: [VRFC 10-307] analyzing entity processor
>>>>>>> main
INFO: [VRFC 10-163] Analyzing VHDL file "/home/organist/Documents/repo/Projet_SI/Architecture Materiel/Projet_SI/Projet_SI.srcs/sources_1/new/ALU.vhd" into library xil_defaultlib
INFO: [VRFC 10-307] analyzing entity ALU
INFO: [VRFC 10-163] Analyzing VHDL file "/home/organist/Documents/repo/Projet_SI/Architecture Materiel/Projet_SI/Projet_SI.srcs/sources_1/new/Counter.vhd" into library xil_defaultlib
INFO: [VRFC 10-307] analyzing entity Counter
INFO: [VRFC 10-163] Analyzing VHDL file "/home/organist/Documents/repo/Projet_SI/Architecture Materiel/Projet_SI/Projet_SI.srcs/sources_1/new/Data_Memory.vhd" into library xil_defaultlib
INFO: [VRFC 10-307] analyzing entity RISC_SI
INFO: [VRFC 10-163] Analyzing VHDL file "/home/organist/Documents/repo/Projet_SI/Architecture Materiel/Projet_SI/Projet_SI.srcs/sources_1/new/Instructions_Memory.vhd" into library xil_defaultlib
INFO: [VRFC 10-307] analyzing entity Instructions_Memory
INFO: [VRFC 10-163] Analyzing VHDL file "/home/organist/Documents/repo/Projet_SI/Architecture Materiel/Projet_SI/Projet_SI.srcs/sources_1/new/processor.vhd" into library xil_defaultlib
INFO: [VRFC 10-307] analyzing entity processor
INFO: [VRFC 10-163] Analyzing VHDL file "/home/organist/Documents/repo/Projet_SI/Architecture Materiel/Projet_SI/Projet_SI.srcs/sim_1/new/Processor_Simulation.vhd" into library xil_defaultlib
INFO: [VRFC 10-307] analyzing entity Processor_Simulation
